[0.043s] Invoking command in '/home/youyandchlow/ros2_ws/src/informatique_industrielle_avec_ROS2/pentograph_hardware/robotis_ws/build/dynamixel_sdk_custom_interfaces': DEBUGINFOD_URLS=https://debuginfod.ubuntu.com /usr/bin/cmake /home/youyandchlow/ros2_ws/src/informatique_industrielle_avec_ROS2/pentograph_hardware/robotis_ws/src/DynamixelSDK/dynamixel_sdk_custom_interfaces -DAMENT_CMAKE_SYMLINK_INSTALL=1 -DCMAKE_INSTALL_PREFIX=/home/youyandchlow/ros2_ws/src/informatique_industrielle_avec_ROS2/pentograph_hardware/robotis_ws/install/dynamixel_sdk_custom_interfaces
[0.070s] -- Found ament_cmake: 1.3.10 (/opt/ros/humble/share/ament_cmake/cmake)
[0.540s] -- Override CMake install command with custom implementation using symlinks instead of copying resources
[0.570s] [31mCMake Error at CMakeLists.txt:15 (find_package):
[0.570s]   By not providing "Findbuiltin_interfaces.cmake" in CMAKE_MODULE_PATH this
[0.570s]   project has asked CMake to find a package configuration file provided by
[0.570s]   "builtin_interfaces", but CMake did not find one.
[0.570s] 
[0.571s]   Could not find a package configuration file provided by
[0.571s]   "builtin_interfaces" with any of the following names:
[0.571s] 
[0.571s]     builtin_interfacesConfig.cmake
[0.571s]     builtin_interfaces-config.cmake
[0.571s] 
[0.571s]   Add the installation prefix of "builtin_interfaces" to CMAKE_PREFIX_PATH or
[0.571s]   set "builtin_interfaces_DIR" to a directory containing one of the above
[0.572s]   files.  If "builtin_interfaces" provides a separate development package or
[0.572s]   SDK, be sure it has been installed.
[0.572s] 
[0.572s] [0m
[0.572s] -- Configuring incomplete, errors occurred!
[0.581s] Invoked command in '/home/youyandchlow/ros2_ws/src/informatique_industrielle_avec_ROS2/pentograph_hardware/robotis_ws/build/dynamixel_sdk_custom_interfaces' returned '1': DEBUGINFOD_URLS=https://debuginfod.ubuntu.com /usr/bin/cmake /home/youyandchlow/ros2_ws/src/informatique_industrielle_avec_ROS2/pentograph_hardware/robotis_ws/src/DynamixelSDK/dynamixel_sdk_custom_interfaces -DAMENT_CMAKE_SYMLINK_INSTALL=1 -DCMAKE_INSTALL_PREFIX=/home/youyandchlow/ros2_ws/src/informatique_industrielle_avec_ROS2/pentograph_hardware/robotis_ws/install/dynamixel_sdk_custom_interfaces
