[0.028s] Invoking command in '/home/youyandchlow/ros2_ws/src/informatique_industrielle_avec_ROS2/pentograph_hardware/robotis_ws/build/dynamixel_sdk': DEBUGINFOD_URLS=https://debuginfod.ubuntu.com /usr/bin/cmake /home/youyandchlow/ros2_ws/src/informatique_industrielle_avec_ROS2/pentograph_hardware/robotis_ws/src/DynamixelSDK/dynamixel_sdk -DAMENT_CMAKE_SYMLINK_INSTALL=1 -DCMAKE_INSTALL_PREFIX=/home/youyandchlow/ros2_ws/src/informatique_industrielle_avec_ROS2/pentograph_hardware/robotis_ws/install/dynamixel_sdk
[0.269s] -- The C compiler identification is GNU 13.2.0
[0.482s] -- The CXX compiler identification is GNU 13.2.0
[0.527s] -- Detecting C compiler ABI info
[0.763s] -- Detecting C compiler ABI info - done
[0.780s] -- Check for working C compiler: /usr/bin/cc - skipped
[0.781s] -- Detecting C compile features
[0.781s] -- Detecting C compile features - done
[0.800s] -- Detecting CXX compiler ABI info
[1.065s] -- Detecting CXX compiler ABI info - done
[1.082s] -- Check for working CXX compiler: /usr/bin/c++ - skipped
[1.082s] -- Detecting CXX compile features
[1.082s] -- Detecting CXX compile features - done
[1.094s] -- Configuring incomplete, errors occurred!
[1.094s] [31mCMake Error at CMakeLists.txt:18 (find_package):
[1.094s]   By not providing "Findament_cmake.cmake" in CMAKE_MODULE_PATH this project
[1.094s]   has asked CMake to find a package configuration file provided by
[1.094s]   "ament_cmake", but CMake did not find one.
[1.095s] 
[1.095s]   Could not find a package configuration file provided by "ament_cmake" with
[1.095s]   any of the following names:
[1.095s] 
[1.095s]     ament_cmakeConfig.cmake
[1.095s]     ament_cmake-config.cmake
[1.095s] 
[1.095s]   Add the installation prefix of "ament_cmake" to CMAKE_PREFIX_PATH or set
[1.095s]   "ament_cmake_DIR" to a directory containing one of the above files.  If
[1.096s]   "ament_cmake" provides a separate development package or SDK, be sure it
[1.096s]   has been installed.
[1.096s] 
[1.096s] [0m
[1.102s] Invoked command in '/home/youyandchlow/ros2_ws/src/informatique_industrielle_avec_ROS2/pentograph_hardware/robotis_ws/build/dynamixel_sdk' returned '1': DEBUGINFOD_URLS=https://debuginfod.ubuntu.com /usr/bin/cmake /home/youyandchlow/ros2_ws/src/informatique_industrielle_avec_ROS2/pentograph_hardware/robotis_ws/src/DynamixelSDK/dynamixel_sdk -DAMENT_CMAKE_SYMLINK_INSTALL=1 -DCMAKE_INSTALL_PREFIX=/home/youyandchlow/ros2_ws/src/informatique_industrielle_avec_ROS2/pentograph_hardware/robotis_ws/install/dynamixel_sdk
