[0.033s] Invoking command in '/home/youyandchlow/ros2_ws/src/informatique_industrielle_avec_ROS2/pentograph_hardware/robotis_ws/build/dynamixel_sdk': DEBUGINFOD_URLS=https://debuginfod.ubuntu.com /usr/bin/cmake /home/youyandchlow/ros2_ws/src/informatique_industrielle_avec_ROS2/pentograph_hardware/robotis_ws/src/DynamixelSDK/dynamixel_sdk -DAMENT_CMAKE_SYMLINK_INSTALL=1 -DCMAKE_INSTALL_PREFIX=/home/youyandchlow/ros2_ws/src/informatique_industrielle_avec_ROS2/pentograph_hardware/robotis_ws/install/dynamixel_sdk
[0.077s] -- Found ament_cmake: 1.3.10 (/opt/ros/humble/share/ament_cmake/cmake)
[0.341s] -- Found Python3: /usr/bin/python3 (found version "3.12.3") found components: Interpreter 
[15.866s] Traceback (most recent call last):
[15.866s]   File "/opt/ros/humble/share/ament_cmake_core/cmake/package_templates/templates_2_cmake.py", line 21, in <module>
[15.866s]     from ament_package.templates import get_environment_hook_template_path
[15.867s] ModuleNotFoundError: No module named 'ament_package'
[16.084s] -- Configuring incomplete, errors occurred!
[16.084s] [31mCMake Error at /opt/ros/humble/share/ament_cmake_core/cmake/ament_cmake_package_templates-extras.cmake:41 (message):
[16.084s]   execute_process(/usr/bin/python3
[16.085s]   /opt/ros/humble/share/ament_cmake_core/cmake/package_templates/templates_2_cmake.py
[16.085s]   /home/youyandchlow/ros2_ws/src/informatique_industrielle_avec_ROS2/pentograph_hardware/robotis_ws/build/dynamixel_sdk/ament_cmake_package_templates/templates.cmake)
[16.085s]   returned error code 1
[16.085s] Call Stack (most recent call first):
[16.085s]   /opt/ros/humble/share/ament_cmake_core/cmake/ament_cmake_coreConfig.cmake:41 (include)
[16.086s]   /opt/ros/humble/share/ament_cmake/cmake/ament_cmake_export_dependencies-extras.cmake:15 (find_package)
[16.086s]   /opt/ros/humble/share/ament_cmake/cmake/ament_cmakeConfig.cmake:41 (include)
[16.086s]   CMakeLists.txt:18 (find_package)
[16.086s] 
[16.090s] [0m
[16.109s] Invoked command in '/home/youyandchlow/ros2_ws/src/informatique_industrielle_avec_ROS2/pentograph_hardware/robotis_ws/build/dynamixel_sdk' returned '1': DEBUGINFOD_URLS=https://debuginfod.ubuntu.com /usr/bin/cmake /home/youyandchlow/ros2_ws/src/informatique_industrielle_avec_ROS2/pentograph_hardware/robotis_ws/src/DynamixelSDK/dynamixel_sdk -DAMENT_CMAKE_SYMLINK_INSTALL=1 -DCMAKE_INSTALL_PREFIX=/home/youyandchlow/ros2_ws/src/informatique_industrielle_avec_ROS2/pentograph_hardware/robotis_ws/install/dynamixel_sdk
