[0.029s] Invoking command in '/home/youyandchlow/ros2_ws/src/informatique_industrielle_avec_ROS2/pentograph_hardware/robotis_ws/build/dynamixel_sdk_custom_interfaces': DEBUGINFOD_URLS=https://debuginfod.ubuntu.com /usr/bin/cmake /home/youyandchlow/ros2_ws/src/informatique_industrielle_avec_ROS2/pentograph_hardware/robotis_ws/src/DynamixelSDK/dynamixel_sdk_custom_interfaces -DAMENT_CMAKE_SYMLINK_INSTALL=1 -DCMAKE_INSTALL_PREFIX=/home/youyandchlow/ros2_ws/src/informatique_industrielle_avec_ROS2/pentograph_hardware/robotis_ws/install/dynamixel_sdk_custom_interfaces
[0.257s] -- The C compiler identification is GNU 13.2.0
[0.468s] -- The CXX compiler identification is GNU 13.2.0
[0.515s] -- Detecting C compiler ABI info
[0.751s] -- Detecting C compiler ABI info - done
[0.767s] -- Check for working C compiler: /usr/bin/cc - skipped
[0.768s] -- Detecting C compile features
[0.769s] -- Detecting C compile features - done
[0.788s] -- Detecting CXX compiler ABI info
[1.052s] -- Detecting CXX compiler ABI info - done
[1.068s] -- Check for working CXX compiler: /usr/bin/c++ - skipped
[1.069s] -- Detecting CXX compile features
[1.070s] -- Detecting CXX compile features - done
[1.078s] [31mCMake Error at CMakeLists.txt:14 (find_package):
[1.078s]   By not providing "Findament_cmake.cmake" in CMAKE_MODULE_PATH this project
[1.078s]   has asked CMake to find a package configuration file provided by
[1.079s]   "ament_cmake", but CMake did not find one.
[1.079s] 
[1.080s]   Could not find a package configuration file provided by "ament_cmake" with
[1.080s]   any of the following names:
[1.080s] 
[1.080s]     ament_cmakeConfig.cmake
[1.080s]     ament_cmake-config.cmake
[1.081s] 
[1.081s]   Add the installation prefix of "ament_cmake" to CMAKE_PREFIX_PATH or set
[1.081s]   "ament_cmake_DIR" to a directory containing one of the above files.  If
[1.081s]   "ament_cmake" provides a separate development package or SDK, be sure it
[1.081s]   has been installed.
[1.081s] 
[1.081s] [0m
[1.081s] -- Configuring incomplete, errors occurred!
[1.093s] Invoked command in '/home/youyandchlow/ros2_ws/src/informatique_industrielle_avec_ROS2/pentograph_hardware/robotis_ws/build/dynamixel_sdk_custom_interfaces' returned '1': DEBUGINFOD_URLS=https://debuginfod.ubuntu.com /usr/bin/cmake /home/youyandchlow/ros2_ws/src/informatique_industrielle_avec_ROS2/pentograph_hardware/robotis_ws/src/DynamixelSDK/dynamixel_sdk_custom_interfaces -DAMENT_CMAKE_SYMLINK_INSTALL=1 -DCMAKE_INSTALL_PREFIX=/home/youyandchlow/ros2_ws/src/informatique_industrielle_avec_ROS2/pentograph_hardware/robotis_ws/install/dynamixel_sdk_custom_interfaces
