[0.043s] Invoking command in '/home/youyandchlow/ros2_ws/src/informatique_industrielle_avec_ROS2/pentograph_hardware/robotis_ws/build/dynamixel_sdk_custom_interfaces': DEBUGINFOD_URLS=https://debuginfod.ubuntu.com /usr/bin/cmake /home/youyandchlow/ros2_ws/src/informatique_industrielle_avec_ROS2/pentograph_hardware/robotis_ws/src/DynamixelSDK/dynamixel_sdk_custom_interfaces -DAMENT_CMAKE_SYMLINK_INSTALL=1 -DCMAKE_INSTALL_PREFIX=/home/youyandchlow/ros2_ws/src/informatique_industrielle_avec_ROS2/pentograph_hardware/robotis_ws/install/dynamixel_sdk_custom_interfaces
[0.082s] [31mCMake Error at CMakeLists.txt:14 (find_package):
[0.082s]   By not providing "Findament_cmake.cmake" in CMAKE_MODULE_PATH this project
[0.083s]   has asked CMake to find a package configuration file provided by
[0.083s]   "ament_cmake", but CMake did not find one.
[0.083s] 
[0.083s]   Could not find a package configuration file provided by "ament_cmake" with
[0.083s]   any of the following names:
[0.083s] 
[0.083s]     ament_cmakeConfig.cmake
[0.083s]     ament_cmake-config.cmake
[0.083s] 
[0.083s]   Add the installation prefix of "ament_cmake" to CMAKE_PREFIX_PATH or set
[0.084s]   "ament_cmake_DIR" to a directory containing one of the above files.  If
[0.084s]   "ament_cmake" provides a separate development package or SDK, be sure it
[0.084s]   has been installed.
[0.084s] 
[0.084s] [0m
[0.085s] -- Configuring incomplete, errors occurred!
[0.086s] Invoked command in '/home/youyandchlow/ros2_ws/src/informatique_industrielle_avec_ROS2/pentograph_hardware/robotis_ws/build/dynamixel_sdk_custom_interfaces' returned '1': DEBUGINFOD_URLS=https://debuginfod.ubuntu.com /usr/bin/cmake /home/youyandchlow/ros2_ws/src/informatique_industrielle_avec_ROS2/pentograph_hardware/robotis_ws/src/DynamixelSDK/dynamixel_sdk_custom_interfaces -DAMENT_CMAKE_SYMLINK_INSTALL=1 -DCMAKE_INSTALL_PREFIX=/home/youyandchlow/ros2_ws/src/informatique_industrielle_avec_ROS2/pentograph_hardware/robotis_ws/install/dynamixel_sdk_custom_interfaces
