[0.025s] Invoking command in '/home/youyandchlow/ros2_ws/src/informatique_industrielle_avec_ROS2/pentograph_hardware/robotis_ws/build/dynamixel_sdk': DEBUGINFOD_URLS=https://debuginfod.ubuntu.com /usr/bin/cmake /home/youyandchlow/ros2_ws/src/informatique_industrielle_avec_ROS2/pentograph_hardware/robotis_ws/src/DynamixelSDK/dynamixel_sdk -DAMENT_CMAKE_SYMLINK_INSTALL=1 -DCMAKE_INSTALL_PREFIX=/home/youyandchlow/ros2_ws/src/informatique_industrielle_avec_ROS2/pentograph_hardware/robotis_ws/install/dynamixel_sdk
[0.199s] -- The C compiler identification is GNU 13.2.0
[0.362s] -- The CXX compiler identification is GNU 13.2.0
[0.393s] -- Detecting C compiler ABI info
[0.598s] -- Detecting C compiler ABI info - done
[0.614s] -- Check for working C compiler: /usr/bin/cc - skipped
[0.614s] -- Detecting C compile features
[0.616s] -- Detecting C compile features - done
[0.629s] -- Detecting CXX compiler ABI info
[0.834s] -- Detecting CXX compiler ABI info - done
[0.849s] -- Check for working CXX compiler: /usr/bin/c++ - skipped
[0.850s] -- Detecting CXX compile features
[0.851s] -- Detecting CXX compile features - done
[0.857s] [31mCMake Error at CMakeLists.txt:18 (find_package):
[0.857s]   By not providing "Findament_cmake.cmake" in CMAKE_MODULE_PATH this project
[0.857s]   has asked CMake to find a package configuration file provided by
[0.857s]   "ament_cmake", but CMake did not find one.
[0.857s] 
[0.857s]   Could not find a package configuration file provided by "ament_cmake" with
[0.857s]   any of the following names:
[0.857s] 
[0.858s]     ament_cmakeConfig.cmake
[0.858s]     ament_cmake-config.cmake
[0.858s] 
[0.858s]   Add the installation prefix of "ament_cmake" to CMAKE_PREFIX_PATH or set
[0.858s]   "ament_cmake_DIR" to a directory containing one of the above files.  If
[0.858s]   "ament_cmake" provides a separate development package or SDK, be sure it
[0.858s]   has been installed.
[0.858s] 
[0.858s] [0m
[0.859s] -- Configuring incomplete, errors occurred!
[0.867s] Invoked command in '/home/youyandchlow/ros2_ws/src/informatique_industrielle_avec_ROS2/pentograph_hardware/robotis_ws/build/dynamixel_sdk' returned '1': DEBUGINFOD_URLS=https://debuginfod.ubuntu.com /usr/bin/cmake /home/youyandchlow/ros2_ws/src/informatique_industrielle_avec_ROS2/pentograph_hardware/robotis_ws/src/DynamixelSDK/dynamixel_sdk -DAMENT_CMAKE_SYMLINK_INSTALL=1 -DCMAKE_INSTALL_PREFIX=/home/youyandchlow/ros2_ws/src/informatique_industrielle_avec_ROS2/pentograph_hardware/robotis_ws/install/dynamixel_sdk
