[0.043s] Invoking command in '/home/youyandchlow/ros2_ws/src/informatique_industrielle_avec_ROS2/pentograph_hardware/robotis_ws/build/dynamixel_sdk_custom_interfaces': CMAKE_PREFIX_PATH=${CMAKE_PREFIX_PATH}:/opt/ros/humble:/opt/ros/jazzy DEBUGINFOD_URLS=https://debuginfod.ubuntu.com /usr/bin/cmake --build /home/youyandchlow/ros2_ws/src/informatique_industrielle_avec_ROS2/pentograph_hardware/robotis_ws/build/dynamixel_sdk_custom_interfaces -- -j4 -l4
[0.166s] [  2%] Built target dynamixel_sdk_custom_interfaces__rosidl_generator_type_description
[0.198s] [  2%] Built target ament_cmake_python_symlink_dynamixel_sdk_custom_interfaces
[0.240s] [ 20%] Built target dynamixel_sdk_custom_interfaces__rosidl_generator_c
[0.242s] [ 22%] Built target dynamixel_sdk_custom_interfaces__cpp
[0.356s] [ 31%] Built target dynamixel_sdk_custom_interfaces__rosidl_typesupport_c
[0.365s] [ 40%] Built target dynamixel_sdk_custom_interfaces__rosidl_typesupport_fastrtps_c
[0.385s] [ 50%] Built target dynamixel_sdk_custom_interfaces__rosidl_typesupport_introspection_c
[0.464s] [ 59%] Built target dynamixel_sdk_custom_interfaces__rosidl_typesupport_introspection_cpp
[0.490s] [ 68%] Built target dynamixel_sdk_custom_interfaces__rosidl_typesupport_cpp
[0.523s] [ 77%] Built target dynamixel_sdk_custom_interfaces__rosidl_typesupport_fastrtps_cpp
[0.571s] [ 77%] Built target dynamixel_sdk_custom_interfaces
[0.622s] [ 79%] Built target dynamixel_sdk_custom_interfaces__py
[0.678s] [ 86%] Built target dynamixel_sdk_custom_interfaces__rosidl_generator_py
[0.764s] [ 90%] Built target dynamixel_sdk_custom_interfaces_s__rosidl_typesupport_c
[0.770s] [ 95%] Built target dynamixel_sdk_custom_interfaces_s__rosidl_typesupport_fastrtps_c
[0.775s] [100%] Built target dynamixel_sdk_custom_interfaces_s__rosidl_typesupport_introspection_c
[0.782s] running egg_info
[0.819s] writing dynamixel_sdk_custom_interfaces.egg-info/PKG-INFO
[0.820s] writing dependency_links to dynamixel_sdk_custom_interfaces.egg-info/dependency_links.txt
[0.820s] writing top-level names to dynamixel_sdk_custom_interfaces.egg-info/top_level.txt
[0.908s] reading manifest file 'dynamixel_sdk_custom_interfaces.egg-info/SOURCES.txt'
[0.909s] writing manifest file 'dynamixel_sdk_custom_interfaces.egg-info/SOURCES.txt'
[1.008s] [100%] Built target ament_cmake_python_build_dynamixel_sdk_custom_interfaces_egg
[1.036s] Invoked command in '/home/youyandchlow/ros2_ws/src/informatique_industrielle_avec_ROS2/pentograph_hardware/robotis_ws/build/dynamixel_sdk_custom_interfaces' returned '0': CMAKE_PREFIX_PATH=${CMAKE_PREFIX_PATH}:/opt/ros/humble:/opt/ros/jazzy DEBUGINFOD_URLS=https://debuginfod.ubuntu.com /usr/bin/cmake --build /home/youyandchlow/ros2_ws/src/informatique_industrielle_avec_ROS2/pentograph_hardware/robotis_ws/build/dynamixel_sdk_custom_interfaces -- -j4 -l4
[1.039s] Invoking command in '/home/youyandchlow/ros2_ws/src/informatique_industrielle_avec_ROS2/pentograph_hardware/robotis_ws/build/dynamixel_sdk_custom_interfaces': CMAKE_PREFIX_PATH=${CMAKE_PREFIX_PATH}:/opt/ros/humble:/opt/ros/jazzy DEBUGINFOD_URLS=https://debuginfod.ubuntu.com /usr/bin/cmake --install /home/youyandchlow/ros2_ws/src/informatique_industrielle_avec_ROS2/pentograph_hardware/robotis_ws/build/dynamixel_sdk_custom_interfaces
[1.056s] -- Install configuration: ""
[1.058s] -- Execute custom install script
[1.058s] -- Up-to-date symlink: /home/youyandchlow/ros2_ws/src/informatique_industrielle_avec_ROS2/pentograph_hardware/robotis_ws/install/dynamixel_sdk_custom_interfaces/share/ament_index/resource_index/rosidl_interfaces/dynamixel_sdk_custom_interfaces
[1.059s] -- Up-to-date symlink: /home/youyandchlow/ros2_ws/src/informatique_industrielle_avec_ROS2/pentograph_hardware/robotis_ws/install/dynamixel_sdk_custom_interfaces/share/dynamixel_sdk_custom_interfaces/msg/SetPosition.json
[1.059s] -- Up-to-date symlink: /home/youyandchlow/ros2_ws/src/informatique_industrielle_avec_ROS2/pentograph_hardware/robotis_ws/install/dynamixel_sdk_custom_interfaces/share/dynamixel_sdk_custom_interfaces/srv/GetPosition.json
[1.060s] -- Up-to-date symlink: /home/youyandchlow/ros2_ws/src/informatique_industrielle_avec_ROS2/pentograph_hardware/robotis_ws/install/dynamixel_sdk_custom_interfaces/include/dynamixel_sdk_custom_interfaces/dynamixel_sdk_custom_interfaces/msg/detail/set_position__functions.h
[1.060s] -- Up-to-date symlink: /home/youyandchlow/ros2_ws/src/informatique_industrielle_avec_ROS2/pentograph_hardware/robotis_ws/install/dynamixel_sdk_custom_interfaces/include/dynamixel_sdk_custom_interfaces/dynamixel_sdk_custom_interfaces/msg/detail/set_position__struct.h
[1.060s] -- Up-to-date symlink: /home/youyandchlow/ros2_ws/src/informatique_industrielle_avec_ROS2/pentograph_hardware/robotis_ws/install/dynamixel_sdk_custom_interfaces/include/dynamixel_sdk_custom_interfaces/dynamixel_sdk_custom_interfaces/msg/detail/set_position__type_support.h
[1.060s] -- Up-to-date symlink: /home/youyandchlow/ros2_ws/src/informatique_industrielle_avec_ROS2/pentograph_hardware/robotis_ws/install/dynamixel_sdk_custom_interfaces/include/dynamixel_sdk_custom_interfaces/dynamixel_sdk_custom_interfaces/msg/rosidl_generator_c__visibility_control.h
[1.061s] -- Up-to-date symlink: /home/youyandchlow/ros2_ws/src/informatique_industrielle_avec_ROS2/pentograph_hardware/robotis_ws/install/dynamixel_sdk_custom_interfaces/include/dynamixel_sdk_custom_interfaces/dynamixel_sdk_custom_interfaces/msg/set_position.h
[1.061s] -- Up-to-date symlink: /home/youyandchlow/ros2_ws/src/informatique_industrielle_avec_ROS2/pentograph_hardware/robotis_ws/install/dynamixel_sdk_custom_interfaces/include/dynamixel_sdk_custom_interfaces/dynamixel_sdk_custom_interfaces/srv/detail/get_position__functions.h
[1.061s] -- Up-to-date symlink: /home/youyandchlow/ros2_ws/src/informatique_industrielle_avec_ROS2/pentograph_hardware/robotis_ws/install/dynamixel_sdk_custom_interfaces/include/dynamixel_sdk_custom_interfaces/dynamixel_sdk_custom_interfaces/srv/detail/get_position__struct.h
[1.061s] -- Up-to-date symlink: /home/youyandchlow/ros2_ws/src/informatique_industrielle_avec_ROS2/pentograph_hardware/robotis_ws/install/dynamixel_sdk_custom_interfaces/include/dynamixel_sdk_custom_interfaces/dynamixel_sdk_custom_interfaces/srv/detail/get_position__type_support.h
[1.061s] -- Up-to-date symlink: /home/youyandchlow/ros2_ws/src/informatique_industrielle_avec_ROS2/pentograph_hardware/robotis_ws/install/dynamixel_sdk_custom_interfaces/include/dynamixel_sdk_custom_interfaces/dynamixel_sdk_custom_interfaces/srv/get_position.h
[1.061s] -- Up-to-date symlink: /home/youyandchlow/ros2_ws/src/informatique_industrielle_avec_ROS2/pentograph_hardware/robotis_ws/install/dynamixel_sdk_custom_interfaces/share/dynamixel_sdk_custom_interfaces/environment/library_path.sh
[1.062s] -- Up-to-date symlink: /home/youyandchlow/ros2_ws/src/informatique_industrielle_avec_ROS2/pentograph_hardware/robotis_ws/install/dynamixel_sdk_custom_interfaces/share/dynamixel_sdk_custom_interfaces/environment/library_path.dsv
[1.062s] -- Up-to-date symlink: /home/youyandchlow/ros2_ws/src/informatique_industrielle_avec_ROS2/pentograph_hardware/robotis_ws/install/dynamixel_sdk_custom_interfaces/include/dynamixel_sdk_custom_interfaces/dynamixel_sdk_custom_interfaces/msg/detail/set_position__rosidl_typesupport_fastrtps_c.h
[1.063s] -- Up-to-date symlink: /home/youyandchlow/ros2_ws/src/informatique_industrielle_avec_ROS2/pentograph_hardware/robotis_ws/install/dynamixel_sdk_custom_interfaces/include/dynamixel_sdk_custom_interfaces/dynamixel_sdk_custom_interfaces/msg/rosidl_typesupport_fastrtps_c__visibility_control.h
[1.063s] -- Up-to-date symlink: /home/youyandchlow/ros2_ws/src/informatique_industrielle_avec_ROS2/pentograph_hardware/robotis_ws/install/dynamixel_sdk_custom_interfaces/include/dynamixel_sdk_custom_interfaces/dynamixel_sdk_custom_interfaces/srv/detail/get_position__rosidl_typesupport_fastrtps_c.h
[1.063s] -- Up-to-date symlink: /home/youyandchlow/ros2_ws/src/informatique_industrielle_avec_ROS2/pentograph_hardware/robotis_ws/install/dynamixel_sdk_custom_interfaces/include/dynamixel_sdk_custom_interfaces/dynamixel_sdk_custom_interfaces/msg/detail/set_position__builder.hpp
[1.064s] -- Up-to-date symlink: /home/youyandchlow/ros2_ws/src/informatique_industrielle_avec_ROS2/pentograph_hardware/robotis_ws/install/dynamixel_sdk_custom_interfaces/include/dynamixel_sdk_custom_interfaces/dynamixel_sdk_custom_interfaces/msg/detail/set_position__struct.hpp
[1.064s] -- Up-to-date symlink: /home/youyandchlow/ros2_ws/src/informatique_industrielle_avec_ROS2/pentograph_hardware/robotis_ws/install/dynamixel_sdk_custom_interfaces/include/dynamixel_sdk_custom_interfaces/dynamixel_sdk_custom_interfaces/msg/detail/set_position__traits.hpp
[1.064s] -- Up-to-date symlink: /home/youyandchlow/ros2_ws/src/informatique_industrielle_avec_ROS2/pentograph_hardware/robotis_ws/install/dynamixel_sdk_custom_interfaces/include/dynamixel_sdk_custom_interfaces/dynamixel_sdk_custom_interfaces/msg/detail/set_position__type_support.hpp
[1.064s] -- Up-to-date symlink: /home/youyandchlow/ros2_ws/src/informatique_industrielle_avec_ROS2/pentograph_hardware/robotis_ws/install/dynamixel_sdk_custom_interfaces/include/dynamixel_sdk_custom_interfaces/dynamixel_sdk_custom_interfaces/msg/rosidl_generator_cpp__visibility_control.hpp
[1.064s] -- Up-to-date symlink: /home/youyandchlow/ros2_ws/src/informatique_industrielle_avec_ROS2/pentograph_hardware/robotis_ws/install/dynamixel_sdk_custom_interfaces/include/dynamixel_sdk_custom_interfaces/dynamixel_sdk_custom_interfaces/msg/set_position.hpp
[1.064s] -- Up-to-date symlink: /home/youyandchlow/ros2_ws/src/informatique_industrielle_avec_ROS2/pentograph_hardware/robotis_ws/install/dynamixel_sdk_custom_interfaces/include/dynamixel_sdk_custom_interfaces/dynamixel_sdk_custom_interfaces/srv/detail/get_position__builder.hpp
[1.065s] -- Up-to-date symlink: /home/youyandchlow/ros2_ws/src/informatique_industrielle_avec_ROS2/pentograph_hardware/robotis_ws/install/dynamixel_sdk_custom_interfaces/include/dynamixel_sdk_custom_interfaces/dynamixel_sdk_custom_interfaces/srv/detail/get_position__struct.hpp
[1.065s] -- Up-to-date symlink: /home/youyandchlow/ros2_ws/src/informatique_industrielle_avec_ROS2/pentograph_hardware/robotis_ws/install/dynamixel_sdk_custom_interfaces/include/dynamixel_sdk_custom_interfaces/dynamixel_sdk_custom_interfaces/srv/detail/get_position__traits.hpp
[1.065s] -- Up-to-date symlink: /home/youyandchlow/ros2_ws/src/informatique_industrielle_avec_ROS2/pentograph_hardware/robotis_ws/install/dynamixel_sdk_custom_interfaces/include/dynamixel_sdk_custom_interfaces/dynamixel_sdk_custom_interfaces/srv/detail/get_position__type_support.hpp
[1.065s] -- Up-to-date symlink: /home/youyandchlow/ros2_ws/src/informatique_industrielle_avec_ROS2/pentograph_hardware/robotis_ws/install/dynamixel_sdk_custom_interfaces/include/dynamixel_sdk_custom_interfaces/dynamixel_sdk_custom_interfaces/srv/get_position.hpp
[1.066s] -- Up-to-date symlink: /home/youyandchlow/ros2_ws/src/informatique_industrielle_avec_ROS2/pentograph_hardware/robotis_ws/install/dynamixel_sdk_custom_interfaces/include/dynamixel_sdk_custom_interfaces/dynamixel_sdk_custom_interfaces/msg/detail/set_position__rosidl_typesupport_fastrtps_cpp.hpp
[1.066s] -- Up-to-date symlink: /home/youyandchlow/ros2_ws/src/informatique_industrielle_avec_ROS2/pentograph_hardware/robotis_ws/install/dynamixel_sdk_custom_interfaces/include/dynamixel_sdk_custom_interfaces/dynamixel_sdk_custom_interfaces/msg/rosidl_typesupport_fastrtps_cpp__visibility_control.h
[1.066s] -- Up-to-date symlink: /home/youyandchlow/ros2_ws/src/informatique_industrielle_avec_ROS2/pentograph_hardware/robotis_ws/install/dynamixel_sdk_custom_interfaces/include/dynamixel_sdk_custom_interfaces/dynamixel_sdk_custom_interfaces/srv/detail/get_position__rosidl_typesupport_fastrtps_cpp.hpp
[1.067s] -- Up-to-date symlink: /home/youyandchlow/ros2_ws/src/informatique_industrielle_avec_ROS2/pentograph_hardware/robotis_ws/install/dynamixel_sdk_custom_interfaces/include/dynamixel_sdk_custom_interfaces/dynamixel_sdk_custom_interfaces/msg/detail/set_position__rosidl_typesupport_introspection_c.h
[1.067s] -- Up-to-date symlink: /home/youyandchlow/ros2_ws/src/informatique_industrielle_avec_ROS2/pentograph_hardware/robotis_ws/install/dynamixel_sdk_custom_interfaces/include/dynamixel_sdk_custom_interfaces/dynamixel_sdk_custom_interfaces/msg/rosidl_typesupport_introspection_c__visibility_control.h
[1.067s] -- Up-to-date symlink: /home/youyandchlow/ros2_ws/src/informatique_industrielle_avec_ROS2/pentograph_hardware/robotis_ws/install/dynamixel_sdk_custom_interfaces/include/dynamixel_sdk_custom_interfaces/dynamixel_sdk_custom_interfaces/srv/detail/get_position__rosidl_typesupport_introspection_c.h
[1.068s] -- Up-to-date symlink: /home/youyandchlow/ros2_ws/src/informatique_industrielle_avec_ROS2/pentograph_hardware/robotis_ws/install/dynamixel_sdk_custom_interfaces/include/dynamixel_sdk_custom_interfaces/dynamixel_sdk_custom_interfaces/msg/detail/set_position__rosidl_typesupport_introspection_cpp.hpp
[1.068s] -- Up-to-date symlink: /home/youyandchlow/ros2_ws/src/informatique_industrielle_avec_ROS2/pentograph_hardware/robotis_ws/install/dynamixel_sdk_custom_interfaces/include/dynamixel_sdk_custom_interfaces/dynamixel_sdk_custom_interfaces/srv/detail/get_position__rosidl_typesupport_introspection_cpp.hpp
[1.068s] -- Up-to-date symlink: /home/youyandchlow/ros2_ws/src/informatique_industrielle_avec_ROS2/pentograph_hardware/robotis_ws/install/dynamixel_sdk_custom_interfaces/share/dynamixel_sdk_custom_interfaces/environment/pythonpath.sh
[1.068s] -- Up-to-date symlink: /home/youyandchlow/ros2_ws/src/informatique_industrielle_avec_ROS2/pentograph_hardware/robotis_ws/install/dynamixel_sdk_custom_interfaces/share/dynamixel_sdk_custom_interfaces/environment/pythonpath.dsv
[1.069s] -- Up-to-date symlink: /home/youyandchlow/ros2_ws/src/informatique_industrielle_avec_ROS2/pentograph_hardware/robotis_ws/install/dynamixel_sdk_custom_interfaces/local/lib/python3.12/dist-packages/dynamixel_sdk_custom_interfaces-3.7.60-py3.12.egg-info/PKG-INFO
[1.069s] -- Up-to-date symlink: /home/youyandchlow/ros2_ws/src/informatique_industrielle_avec_ROS2/pentograph_hardware/robotis_ws/install/dynamixel_sdk_custom_interfaces/local/lib/python3.12/dist-packages/dynamixel_sdk_custom_interfaces-3.7.60-py3.12.egg-info/SOURCES.txt
[1.069s] -- Up-to-date symlink: /home/youyandchlow/ros2_ws/src/informatique_industrielle_avec_ROS2/pentograph_hardware/robotis_ws/install/dynamixel_sdk_custom_interfaces/local/lib/python3.12/dist-packages/dynamixel_sdk_custom_interfaces-3.7.60-py3.12.egg-info/dependency_links.txt
[1.069s] -- Up-to-date symlink: /home/youyandchlow/ros2_ws/src/informatique_industrielle_avec_ROS2/pentograph_hardware/robotis_ws/install/dynamixel_sdk_custom_interfaces/local/lib/python3.12/dist-packages/dynamixel_sdk_custom_interfaces-3.7.60-py3.12.egg-info/top_level.txt
[1.070s] -- Up-to-date symlink: /home/youyandchlow/ros2_ws/src/informatique_industrielle_avec_ROS2/pentograph_hardware/robotis_ws/install/dynamixel_sdk_custom_interfaces/local/lib/python3.12/dist-packages/dynamixel_sdk_custom_interfaces/__init__.py
[1.070s] -- Up-to-date symlink: /home/youyandchlow/ros2_ws/src/informatique_industrielle_avec_ROS2/pentograph_hardware/robotis_ws/install/dynamixel_sdk_custom_interfaces/local/lib/python3.12/dist-packages/dynamixel_sdk_custom_interfaces/_dynamixel_sdk_custom_interfaces_s.ep.rosidl_typesupport_c.c
[1.071s] -- Up-to-date symlink: /home/youyandchlow/ros2_ws/src/informatique_industrielle_avec_ROS2/pentograph_hardware/robotis_ws/install/dynamixel_sdk_custom_interfaces/local/lib/python3.12/dist-packages/dynamixel_sdk_custom_interfaces/_dynamixel_sdk_custom_interfaces_s.ep.rosidl_typesupport_fastrtps_c.c
[1.071s] -- Up-to-date symlink: /home/youyandchlow/ros2_ws/src/informatique_industrielle_avec_ROS2/pentograph_hardware/robotis_ws/install/dynamixel_sdk_custom_interfaces/local/lib/python3.12/dist-packages/dynamixel_sdk_custom_interfaces/_dynamixel_sdk_custom_interfaces_s.ep.rosidl_typesupport_introspection_c.c
[1.071s] -- Up-to-date symlink: /home/youyandchlow/ros2_ws/src/informatique_industrielle_avec_ROS2/pentograph_hardware/robotis_ws/install/dynamixel_sdk_custom_interfaces/local/lib/python3.12/dist-packages/dynamixel_sdk_custom_interfaces/dynamixel_sdk_custom_interfaces_s__rosidl_typesupport_c.so
[1.071s] -- Up-to-date symlink: /home/youyandchlow/ros2_ws/src/informatique_industrielle_avec_ROS2/pentograph_hardware/robotis_ws/install/dynamixel_sdk_custom_interfaces/local/lib/python3.12/dist-packages/dynamixel_sdk_custom_interfaces/dynamixel_sdk_custom_interfaces_s__rosidl_typesupport_fastrtps_c.so
[1.071s] -- Up-to-date symlink: /home/youyandchlow/ros2_ws/src/informatique_industrielle_avec_ROS2/pentograph_hardware/robotis_ws/install/dynamixel_sdk_custom_interfaces/local/lib/python3.12/dist-packages/dynamixel_sdk_custom_interfaces/dynamixel_sdk_custom_interfaces_s__rosidl_typesupport_introspection_c.so
[1.071s] -- Up-to-date symlink: /home/youyandchlow/ros2_ws/src/informatique_industrielle_avec_ROS2/pentograph_hardware/robotis_ws/install/dynamixel_sdk_custom_interfaces/local/lib/python3.12/dist-packages/dynamixel_sdk_custom_interfaces/msg/__init__.py
[1.072s] -- Up-to-date symlink: /home/youyandchlow/ros2_ws/src/informatique_industrielle_avec_ROS2/pentograph_hardware/robotis_ws/install/dynamixel_sdk_custom_interfaces/local/lib/python3.12/dist-packages/dynamixel_sdk_custom_interfaces/msg/_set_position.py
[1.072s] -- Up-to-date symlink: /home/youyandchlow/ros2_ws/src/informatique_industrielle_avec_ROS2/pentograph_hardware/robotis_ws/install/dynamixel_sdk_custom_interfaces/local/lib/python3.12/dist-packages/dynamixel_sdk_custom_interfaces/msg/_set_position_s.c
[1.072s] -- Up-to-date symlink: /home/youyandchlow/ros2_ws/src/informatique_industrielle_avec_ROS2/pentograph_hardware/robotis_ws/install/dynamixel_sdk_custom_interfaces/local/lib/python3.12/dist-packages/dynamixel_sdk_custom_interfaces/srv/__init__.py
[1.072s] -- Up-to-date symlink: /home/youyandchlow/ros2_ws/src/informatique_industrielle_avec_ROS2/pentograph_hardware/robotis_ws/install/dynamixel_sdk_custom_interfaces/local/lib/python3.12/dist-packages/dynamixel_sdk_custom_interfaces/srv/_get_position.py
[1.072s] -- Up-to-date symlink: /home/youyandchlow/ros2_ws/src/informatique_industrielle_avec_ROS2/pentograph_hardware/robotis_ws/install/dynamixel_sdk_custom_interfaces/local/lib/python3.12/dist-packages/dynamixel_sdk_custom_interfaces/srv/_get_position_s.c
[1.073s] -- Up-to-date symlink: /home/youyandchlow/ros2_ws/src/informatique_industrielle_avec_ROS2/pentograph_hardware/robotis_ws/install/dynamixel_sdk_custom_interfaces/local/lib/python3.12/dist-packages/dynamixel_sdk_custom_interfaces/dynamixel_sdk_custom_interfaces_s__rosidl_typesupport_fastrtps_c.so
[1.073s] -- Up-to-date symlink: /home/youyandchlow/ros2_ws/src/informatique_industrielle_avec_ROS2/pentograph_hardware/robotis_ws/install/dynamixel_sdk_custom_interfaces/local/lib/python3.12/dist-packages/dynamixel_sdk_custom_interfaces/dynamixel_sdk_custom_interfaces_s__rosidl_typesupport_introspection_c.so
[1.074s] -- Up-to-date symlink: /home/youyandchlow/ros2_ws/src/informatique_industrielle_avec_ROS2/pentograph_hardware/robotis_ws/install/dynamixel_sdk_custom_interfaces/local/lib/python3.12/dist-packages/dynamixel_sdk_custom_interfaces/dynamixel_sdk_custom_interfaces_s__rosidl_typesupport_c.so
[1.074s] -- Up-to-date symlink: /home/youyandchlow/ros2_ws/src/informatique_industrielle_avec_ROS2/pentograph_hardware/robotis_ws/install/dynamixel_sdk_custom_interfaces/share/dynamixel_sdk_custom_interfaces/msg/SetPosition.idl
[1.074s] -- Up-to-date symlink: /home/youyandchlow/ros2_ws/src/informatique_industrielle_avec_ROS2/pentograph_hardware/robotis_ws/install/dynamixel_sdk_custom_interfaces/share/dynamixel_sdk_custom_interfaces/srv/GetPosition.idl
[1.074s] -- Up-to-date symlink: /home/youyandchlow/ros2_ws/src/informatique_industrielle_avec_ROS2/pentograph_hardware/robotis_ws/install/dynamixel_sdk_custom_interfaces/share/dynamixel_sdk_custom_interfaces/msg/SetPosition.msg
[1.074s] -- Up-to-date symlink: /home/youyandchlow/ros2_ws/src/informatique_industrielle_avec_ROS2/pentograph_hardware/robotis_ws/install/dynamixel_sdk_custom_interfaces/share/dynamixel_sdk_custom_interfaces/srv/GetPosition.srv
[1.075s] -- Up-to-date symlink: /home/youyandchlow/ros2_ws/src/informatique_industrielle_avec_ROS2/pentograph_hardware/robotis_ws/install/dynamixel_sdk_custom_interfaces/share/ament_index/resource_index/package_run_dependencies/dynamixel_sdk_custom_interfaces
[1.075s] -- Up-to-date symlink: /home/youyandchlow/ros2_ws/src/informatique_industrielle_avec_ROS2/pentograph_hardware/robotis_ws/install/dynamixel_sdk_custom_interfaces/share/ament_index/resource_index/parent_prefix_path/dynamixel_sdk_custom_interfaces
[1.075s] -- Up-to-date symlink: /home/youyandchlow/ros2_ws/src/informatique_industrielle_avec_ROS2/pentograph_hardware/robotis_ws/install/dynamixel_sdk_custom_interfaces/share/dynamixel_sdk_custom_interfaces/environment/ament_prefix_path.sh
[1.075s] -- Up-to-date symlink: /home/youyandchlow/ros2_ws/src/informatique_industrielle_avec_ROS2/pentograph_hardware/robotis_ws/install/dynamixel_sdk_custom_interfaces/share/dynamixel_sdk_custom_interfaces/environment/ament_prefix_path.dsv
[1.076s] -- Up-to-date symlink: /home/youyandchlow/ros2_ws/src/informatique_industrielle_avec_ROS2/pentograph_hardware/robotis_ws/install/dynamixel_sdk_custom_interfaces/share/dynamixel_sdk_custom_interfaces/environment/path.sh
[1.076s] -- Up-to-date symlink: /home/youyandchlow/ros2_ws/src/informatique_industrielle_avec_ROS2/pentograph_hardware/robotis_ws/install/dynamixel_sdk_custom_interfaces/share/dynamixel_sdk_custom_interfaces/environment/path.dsv
[1.076s] -- Up-to-date symlink: /home/youyandchlow/ros2_ws/src/informatique_industrielle_avec_ROS2/pentograph_hardware/robotis_ws/install/dynamixel_sdk_custom_interfaces/share/dynamixel_sdk_custom_interfaces/local_setup.bash
[1.076s] -- Up-to-date symlink: /home/youyandchlow/ros2_ws/src/informatique_industrielle_avec_ROS2/pentograph_hardware/robotis_ws/install/dynamixel_sdk_custom_interfaces/share/dynamixel_sdk_custom_interfaces/local_setup.sh
[1.077s] -- Up-to-date symlink: /home/youyandchlow/ros2_ws/src/informatique_industrielle_avec_ROS2/pentograph_hardware/robotis_ws/install/dynamixel_sdk_custom_interfaces/share/dynamixel_sdk_custom_interfaces/local_setup.zsh
[1.077s] -- Up-to-date symlink: /home/youyandchlow/ros2_ws/src/informatique_industrielle_avec_ROS2/pentograph_hardware/robotis_ws/install/dynamixel_sdk_custom_interfaces/share/dynamixel_sdk_custom_interfaces/local_setup.dsv
[1.077s] -- Symlinking: /home/youyandchlow/ros2_ws/src/informatique_industrielle_avec_ROS2/pentograph_hardware/robotis_ws/install/dynamixel_sdk_custom_interfaces/share/dynamixel_sdk_custom_interfaces/package.dsv
[1.107s] -- Up-to-date symlink: /home/youyandchlow/ros2_ws/src/informatique_industrielle_avec_ROS2/pentograph_hardware/robotis_ws/install/dynamixel_sdk_custom_interfaces/share/ament_index/resource_index/packages/dynamixel_sdk_custom_interfaces
[1.107s] -- Up-to-date symlink: /home/youyandchlow/ros2_ws/src/informatique_industrielle_avec_ROS2/pentograph_hardware/robotis_ws/install/dynamixel_sdk_custom_interfaces/share/dynamixel_sdk_custom_interfaces/cmake/rosidl_cmake-extras.cmake
[1.107s] -- Up-to-date symlink: /home/youyandchlow/ros2_ws/src/informatique_industrielle_avec_ROS2/pentograph_hardware/robotis_ws/install/dynamixel_sdk_custom_interfaces/share/dynamixel_sdk_custom_interfaces/cmake/ament_cmake_export_dependencies-extras.cmake
[1.107s] -- Up-to-date symlink: /home/youyandchlow/ros2_ws/src/informatique_industrielle_avec_ROS2/pentograph_hardware/robotis_ws/install/dynamixel_sdk_custom_interfaces/share/dynamixel_sdk_custom_interfaces/cmake/ament_cmake_export_include_directories-extras.cmake
[1.108s] -- Up-to-date symlink: /home/youyandchlow/ros2_ws/src/informatique_industrielle_avec_ROS2/pentograph_hardware/robotis_ws/install/dynamixel_sdk_custom_interfaces/share/dynamixel_sdk_custom_interfaces/cmake/ament_cmake_export_libraries-extras.cmake
[1.108s] -- Up-to-date symlink: /home/youyandchlow/ros2_ws/src/informatique_industrielle_avec_ROS2/pentograph_hardware/robotis_ws/install/dynamixel_sdk_custom_interfaces/share/dynamixel_sdk_custom_interfaces/cmake/ament_cmake_export_targets-extras.cmake
[1.108s] -- Up-to-date symlink: /home/youyandchlow/ros2_ws/src/informatique_industrielle_avec_ROS2/pentograph_hardware/robotis_ws/install/dynamixel_sdk_custom_interfaces/share/dynamixel_sdk_custom_interfaces/cmake/rosidl_cmake_export_typesupport_targets-extras.cmake
[1.108s] -- Up-to-date symlink: /home/youyandchlow/ros2_ws/src/informatique_industrielle_avec_ROS2/pentograph_hardware/robotis_ws/install/dynamixel_sdk_custom_interfaces/share/dynamixel_sdk_custom_interfaces/cmake/rosidl_cmake_export_typesupport_libraries-extras.cmake
[1.109s] -- Up-to-date symlink: /home/youyandchlow/ros2_ws/src/informatique_industrielle_avec_ROS2/pentograph_hardware/robotis_ws/install/dynamixel_sdk_custom_interfaces/share/dynamixel_sdk_custom_interfaces/cmake/dynamixel_sdk_custom_interfacesConfig.cmake
[1.109s] -- Up-to-date symlink: /home/youyandchlow/ros2_ws/src/informatique_industrielle_avec_ROS2/pentograph_hardware/robotis_ws/install/dynamixel_sdk_custom_interfaces/share/dynamixel_sdk_custom_interfaces/cmake/dynamixel_sdk_custom_interfacesConfig-version.cmake
[1.109s] -- Up-to-date symlink: /home/youyandchlow/ros2_ws/src/informatique_industrielle_avec_ROS2/pentograph_hardware/robotis_ws/install/dynamixel_sdk_custom_interfaces/share/dynamixel_sdk_custom_interfaces/package.xml
[1.109s] -- Up-to-date: /home/youyandchlow/ros2_ws/src/informatique_industrielle_avec_ROS2/pentograph_hardware/robotis_ws/install/dynamixel_sdk_custom_interfaces/lib/libdynamixel_sdk_custom_interfaces__rosidl_generator_c.so
[1.110s] -- Up-to-date: /home/youyandchlow/ros2_ws/src/informatique_industrielle_avec_ROS2/pentograph_hardware/robotis_ws/install/dynamixel_sdk_custom_interfaces/lib/libdynamixel_sdk_custom_interfaces__rosidl_typesupport_fastrtps_c.so
[1.111s] -- Up-to-date: /home/youyandchlow/ros2_ws/src/informatique_industrielle_avec_ROS2/pentograph_hardware/robotis_ws/install/dynamixel_sdk_custom_interfaces/lib/libdynamixel_sdk_custom_interfaces__rosidl_typesupport_fastrtps_cpp.so
[1.111s] -- Up-to-date: /home/youyandchlow/ros2_ws/src/informatique_industrielle_avec_ROS2/pentograph_hardware/robotis_ws/install/dynamixel_sdk_custom_interfaces/lib/libdynamixel_sdk_custom_interfaces__rosidl_typesupport_introspection_c.so
[1.112s] -- Up-to-date: /home/youyandchlow/ros2_ws/src/informatique_industrielle_avec_ROS2/pentograph_hardware/robotis_ws/install/dynamixel_sdk_custom_interfaces/lib/libdynamixel_sdk_custom_interfaces__rosidl_typesupport_c.so
[1.112s] -- Up-to-date: /home/youyandchlow/ros2_ws/src/informatique_industrielle_avec_ROS2/pentograph_hardware/robotis_ws/install/dynamixel_sdk_custom_interfaces/lib/libdynamixel_sdk_custom_interfaces__rosidl_typesupport_introspection_cpp.so
[1.113s] -- Up-to-date: /home/youyandchlow/ros2_ws/src/informatique_industrielle_avec_ROS2/pentograph_hardware/robotis_ws/install/dynamixel_sdk_custom_interfaces/lib/libdynamixel_sdk_custom_interfaces__rosidl_typesupport_cpp.so
[1.173s] Listing '/home/youyandchlow/ros2_ws/src/informatique_industrielle_avec_ROS2/pentograph_hardware/robotis_ws/install/dynamixel_sdk_custom_interfaces/local/lib/python3.12/dist-packages/dynamixel_sdk_custom_interfaces'...
[1.173s] Listing '/home/youyandchlow/ros2_ws/src/informatique_industrielle_avec_ROS2/pentograph_hardware/robotis_ws/install/dynamixel_sdk_custom_interfaces/local/lib/python3.12/dist-packages/dynamixel_sdk_custom_interfaces/msg'...
[1.174s] Listing '/home/youyandchlow/ros2_ws/src/informatique_industrielle_avec_ROS2/pentograph_hardware/robotis_ws/install/dynamixel_sdk_custom_interfaces/local/lib/python3.12/dist-packages/dynamixel_sdk_custom_interfaces/srv'...
[1.199s] -- Up-to-date: /home/youyandchlow/ros2_ws/src/informatique_industrielle_avec_ROS2/pentograph_hardware/robotis_ws/install/dynamixel_sdk_custom_interfaces/lib/libdynamixel_sdk_custom_interfaces__rosidl_generator_py.so
[1.200s] -- Up-to-date: /home/youyandchlow/ros2_ws/src/informatique_industrielle_avec_ROS2/pentograph_hardware/robotis_ws/install/dynamixel_sdk_custom_interfaces/share/dynamixel_sdk_custom_interfaces/cmake/export_dynamixel_sdk_custom_interfaces__rosidl_generator_cExport.cmake
[1.200s] -- Up-to-date: /home/youyandchlow/ros2_ws/src/informatique_industrielle_avec_ROS2/pentograph_hardware/robotis_ws/install/dynamixel_sdk_custom_interfaces/share/dynamixel_sdk_custom_interfaces/cmake/export_dynamixel_sdk_custom_interfaces__rosidl_generator_cExport-noconfig.cmake
[1.200s] -- Up-to-date: /home/youyandchlow/ros2_ws/src/informatique_industrielle_avec_ROS2/pentograph_hardware/robotis_ws/install/dynamixel_sdk_custom_interfaces/share/dynamixel_sdk_custom_interfaces/cmake/export_dynamixel_sdk_custom_interfaces__rosidl_typesupport_fastrtps_cExport.cmake
[1.200s] -- Up-to-date: /home/youyandchlow/ros2_ws/src/informatique_industrielle_avec_ROS2/pentograph_hardware/robotis_ws/install/dynamixel_sdk_custom_interfaces/share/dynamixel_sdk_custom_interfaces/cmake/export_dynamixel_sdk_custom_interfaces__rosidl_typesupport_fastrtps_cExport-noconfig.cmake
[1.201s] -- Up-to-date: /home/youyandchlow/ros2_ws/src/informatique_industrielle_avec_ROS2/pentograph_hardware/robotis_ws/install/dynamixel_sdk_custom_interfaces/share/dynamixel_sdk_custom_interfaces/cmake/export_dynamixel_sdk_custom_interfaces__rosidl_generator_cppExport.cmake
[1.201s] -- Up-to-date: /home/youyandchlow/ros2_ws/src/informatique_industrielle_avec_ROS2/pentograph_hardware/robotis_ws/install/dynamixel_sdk_custom_interfaces/share/dynamixel_sdk_custom_interfaces/cmake/export_dynamixel_sdk_custom_interfaces__rosidl_typesupport_fastrtps_cppExport.cmake
[1.201s] -- Up-to-date: /home/youyandchlow/ros2_ws/src/informatique_industrielle_avec_ROS2/pentograph_hardware/robotis_ws/install/dynamixel_sdk_custom_interfaces/share/dynamixel_sdk_custom_interfaces/cmake/export_dynamixel_sdk_custom_interfaces__rosidl_typesupport_fastrtps_cppExport-noconfig.cmake
[1.201s] -- Up-to-date: /home/youyandchlow/ros2_ws/src/informatique_industrielle_avec_ROS2/pentograph_hardware/robotis_ws/install/dynamixel_sdk_custom_interfaces/share/dynamixel_sdk_custom_interfaces/cmake/dynamixel_sdk_custom_interfaces__rosidl_typesupport_introspection_cExport.cmake
[1.201s] -- Up-to-date: /home/youyandchlow/ros2_ws/src/informatique_industrielle_avec_ROS2/pentograph_hardware/robotis_ws/install/dynamixel_sdk_custom_interfaces/share/dynamixel_sdk_custom_interfaces/cmake/dynamixel_sdk_custom_interfaces__rosidl_typesupport_introspection_cExport-noconfig.cmake
[1.202s] -- Up-to-date: /home/youyandchlow/ros2_ws/src/informatique_industrielle_avec_ROS2/pentograph_hardware/robotis_ws/install/dynamixel_sdk_custom_interfaces/share/dynamixel_sdk_custom_interfaces/cmake/dynamixel_sdk_custom_interfaces__rosidl_typesupport_cExport.cmake
[1.202s] -- Up-to-date: /home/youyandchlow/ros2_ws/src/informatique_industrielle_avec_ROS2/pentograph_hardware/robotis_ws/install/dynamixel_sdk_custom_interfaces/share/dynamixel_sdk_custom_interfaces/cmake/dynamixel_sdk_custom_interfaces__rosidl_typesupport_cExport-noconfig.cmake
[1.202s] -- Up-to-date: /home/youyandchlow/ros2_ws/src/informatique_industrielle_avec_ROS2/pentograph_hardware/robotis_ws/install/dynamixel_sdk_custom_interfaces/share/dynamixel_sdk_custom_interfaces/cmake/dynamixel_sdk_custom_interfaces__rosidl_typesupport_introspection_cppExport.cmake
[1.202s] -- Up-to-date: /home/youyandchlow/ros2_ws/src/informatique_industrielle_avec_ROS2/pentograph_hardware/robotis_ws/install/dynamixel_sdk_custom_interfaces/share/dynamixel_sdk_custom_interfaces/cmake/dynamixel_sdk_custom_interfaces__rosidl_typesupport_introspection_cppExport-noconfig.cmake
[1.202s] -- Up-to-date: /home/youyandchlow/ros2_ws/src/informatique_industrielle_avec_ROS2/pentograph_hardware/robotis_ws/install/dynamixel_sdk_custom_interfaces/share/dynamixel_sdk_custom_interfaces/cmake/dynamixel_sdk_custom_interfaces__rosidl_typesupport_cppExport.cmake
[1.202s] -- Up-to-date: /home/youyandchlow/ros2_ws/src/informatique_industrielle_avec_ROS2/pentograph_hardware/robotis_ws/install/dynamixel_sdk_custom_interfaces/share/dynamixel_sdk_custom_interfaces/cmake/dynamixel_sdk_custom_interfaces__rosidl_typesupport_cppExport-noconfig.cmake
[1.203s] -- Up-to-date: /home/youyandchlow/ros2_ws/src/informatique_industrielle_avec_ROS2/pentograph_hardware/robotis_ws/install/dynamixel_sdk_custom_interfaces/share/dynamixel_sdk_custom_interfaces/cmake/export_dynamixel_sdk_custom_interfaces__rosidl_generator_pyExport.cmake
[1.204s] -- Up-to-date: /home/youyandchlow/ros2_ws/src/informatique_industrielle_avec_ROS2/pentograph_hardware/robotis_ws/install/dynamixel_sdk_custom_interfaces/share/dynamixel_sdk_custom_interfaces/cmake/export_dynamixel_sdk_custom_interfaces__rosidl_generator_pyExport-noconfig.cmake
[1.213s] Invoked command in '/home/youyandchlow/ros2_ws/src/informatique_industrielle_avec_ROS2/pentograph_hardware/robotis_ws/build/dynamixel_sdk_custom_interfaces' returned '0': CMAKE_PREFIX_PATH=${CMAKE_PREFIX_PATH}:/opt/ros/humble:/opt/ros/jazzy DEBUGINFOD_URLS=https://debuginfod.ubuntu.com /usr/bin/cmake --install /home/youyandchlow/ros2_ws/src/informatique_industrielle_avec_ROS2/pentograph_hardware/robotis_ws/build/dynamixel_sdk_custom_interfaces
