[0.021s] Invoking command in '/home/youyandchlow/ros2_ws/src/informatique_industrielle_avec_ROS2/pentograph_hardware/robotis_ws/build/dynamixel_sdk_custom_interfaces': DEBUGINFOD_URLS=https://debuginfod.ubuntu.com /usr/bin/cmake /home/youyandchlow/ros2_ws/src/informatique_industrielle_avec_ROS2/pentograph_hardware/robotis_ws/src/DynamixelSDK/dynamixel_sdk_custom_interfaces -DAMENT_CMAKE_SYMLINK_INSTALL=1 -DCMAKE_INSTALL_PREFIX=/home/youyandchlow/ros2_ws/src/informatique_industrielle_avec_ROS2/pentograph_hardware/robotis_ws/install/dynamixel_sdk_custom_interfaces
[0.183s] -- The C compiler identification is GNU 13.2.0
[0.346s] -- The CXX compiler identification is GNU 13.2.0
[0.377s] -- Detecting C compiler ABI info
[0.580s] -- Detecting C compiler ABI info - done
[0.593s] -- Check for working C compiler: /usr/bin/cc - skipped
[0.595s] -- Detecting C compile features
[0.595s] -- Detecting C compile features - done
[0.611s] -- Detecting CXX compiler ABI info
[0.818s] -- Detecting CXX compiler ABI info - done
[0.833s] -- Check for working CXX compiler: /usr/bin/c++ - skipped
[0.834s] -- Detecting CXX compile features
[0.834s] -- Detecting CXX compile features - done
[0.843s] -- Configuring incomplete, errors occurred!
[0.843s] [31mCMake Error at CMakeLists.txt:14 (find_package):
[0.843s]   By not providing "Findament_cmake.cmake" in CMAKE_MODULE_PATH this project
[0.843s]   has asked CMake to find a package configuration file provided by
[0.843s]   "ament_cmake", but CMake did not find one.
[0.843s] 
[0.843s]   Could not find a package configuration file provided by "ament_cmake" with
[0.844s]   any of the following names:
[0.844s] 
[0.844s]     ament_cmakeConfig.cmake
[0.844s]     ament_cmake-config.cmake
[0.844s] 
[0.844s]   Add the installation prefix of "ament_cmake" to CMAKE_PREFIX_PATH or set
[0.844s]   "ament_cmake_DIR" to a directory containing one of the above files.  If
[0.844s]   "ament_cmake" provides a separate development package or SDK, be sure it
[0.844s]   has been installed.
[0.844s] 
[0.844s] [0m
[0.848s] Invoked command in '/home/youyandchlow/ros2_ws/src/informatique_industrielle_avec_ROS2/pentograph_hardware/robotis_ws/build/dynamixel_sdk_custom_interfaces' returned '1': DEBUGINFOD_URLS=https://debuginfod.ubuntu.com /usr/bin/cmake /home/youyandchlow/ros2_ws/src/informatique_industrielle_avec_ROS2/pentograph_hardware/robotis_ws/src/DynamixelSDK/dynamixel_sdk_custom_interfaces -DAMENT_CMAKE_SYMLINK_INSTALL=1 -DCMAKE_INSTALL_PREFIX=/home/youyandchlow/ros2_ws/src/informatique_industrielle_avec_ROS2/pentograph_hardware/robotis_ws/install/dynamixel_sdk_custom_interfaces
