[0.179s] DEBUG:colcon:Command line arguments: ['/usr/bin/colcon', 'build', '--symlink-install']
[0.180s] DEBUG:colcon:Parsed command line arguments: Namespace(log_base=None, log_level=None, verb_name='build', build_base='build', install_base='install', merge_install=False, symlink_install=True, test_result_base=None, continue_on_error=False, executor='parallel', parallel_workers=4, event_handlers=None, ignore_user_meta=False, metas=['./colcon.meta'], base_paths=['.'], packages_ignore=None, packages_ignore_regex=None, paths=None, packages_up_to=None, packages_up_to_regex=None, packages_above=None, packages_above_and_dependencies=None, packages_above_depth=None, packages_select_by_dep=None, packages_skip_by_dep=None, packages_skip_up_to=None, packages_select_build_failed=False, packages_skip_build_finished=False, packages_select_test_failures=False, packages_skip_test_passed=False, packages_select=None, packages_skip=None, packages_select_regex=None, packages_skip_regex=None, packages_start=None, packages_end=None, allow_overriding=[], cmake_args=None, cmake_target=None, cmake_target_skip_unavailable=False, cmake_clean_cache=False, cmake_clean_first=False, cmake_force_configure=False, ament_cmake_args=None, catkin_cmake_args=None, catkin_skip_building_tests=False, mixin_files=None, mixin=None, verb_parser=<colcon_mixin.mixin.mixin_argument.MixinArgumentDecorator object at 0xffff849606b0>, verb_extension=<colcon_core.verb.build.BuildVerb object at 0xffff849603e0>, main=<bound method BuildVerb.main of <colcon_core.verb.build.BuildVerb object at 0xffff849603e0>>, mixin_verb=('build',))
[0.245s] Level 1:colcon.colcon_core.package_discovery:discover_packages(colcon_meta) check parameters
[0.245s] Level 1:colcon.colcon_core.package_discovery:discover_packages(recursive) check parameters
[0.245s] Level 1:colcon.colcon_core.package_discovery:discover_packages(ignore) check parameters
[0.245s] Level 1:colcon.colcon_core.package_discovery:discover_packages(path) check parameters
[0.245s] Level 1:colcon.colcon_core.package_discovery:discover_packages(colcon_meta) discover
[0.246s] Level 1:colcon.colcon_core.package_discovery:discover_packages(recursive) discover
[0.246s] INFO:colcon.colcon_core.package_discovery:Crawling recursively for packages in '/home/youyandchlow/ros2_ws/src/informatique_industrielle_avec_ROS2/pentograph_hardware/robotis_ws'
[0.246s] Level 1:colcon.colcon_core.package_identification:_identify(.) by extensions ['ignore', 'ignore_ament_install']
[0.246s] Level 1:colcon.colcon_core.package_identification:_identify(.) by extension 'ignore'
[0.246s] Level 1:colcon.colcon_core.package_identification:_identify(.) by extension 'ignore_ament_install'
[0.246s] Level 1:colcon.colcon_core.package_identification:_identify(.) by extensions ['colcon_pkg']
[0.246s] Level 1:colcon.colcon_core.package_identification:_identify(.) by extension 'colcon_pkg'
[0.246s] Level 1:colcon.colcon_core.package_identification:_identify(.) by extensions ['colcon_meta']
[0.247s] Level 1:colcon.colcon_core.package_identification:_identify(.) by extension 'colcon_meta'
[0.247s] Level 1:colcon.colcon_core.package_identification:_identify(.) by extensions ['ros']
[0.247s] Level 1:colcon.colcon_core.package_identification:_identify(.) by extension 'ros'
[0.291s] Level 1:colcon.colcon_core.package_identification:_identify(.) by extensions ['cmake', 'python']
[0.291s] Level 1:colcon.colcon_core.package_identification:_identify(.) by extension 'cmake'
[0.291s] Level 1:colcon.colcon_core.package_identification:_identify(.) by extension 'python'
[0.291s] Level 1:colcon.colcon_core.package_identification:_identify(.) by extensions ['python_setup_py']
[0.291s] Level 1:colcon.colcon_core.package_identification:_identify(.) by extension 'python_setup_py'
[0.291s] Level 1:colcon.colcon_core.package_identification:_identify(build) by extensions ['ignore', 'ignore_ament_install']
[0.291s] Level 1:colcon.colcon_core.package_identification:_identify(build) by extension 'ignore'
[0.291s] Level 1:colcon.colcon_core.package_identification:_identify(build) ignored
[0.291s] Level 1:colcon.colcon_core.package_identification:_identify(install) by extensions ['ignore', 'ignore_ament_install']
[0.292s] Level 1:colcon.colcon_core.package_identification:_identify(install) by extension 'ignore'
[0.292s] Level 1:colcon.colcon_core.package_identification:_identify(install) ignored
[0.292s] Level 1:colcon.colcon_core.package_identification:_identify(log) by extensions ['ignore', 'ignore_ament_install']
[0.292s] Level 1:colcon.colcon_core.package_identification:_identify(log) by extension 'ignore'
[0.292s] Level 1:colcon.colcon_core.package_identification:_identify(log) ignored
[0.292s] Level 1:colcon.colcon_core.package_identification:_identify(src) by extensions ['ignore', 'ignore_ament_install']
[0.292s] Level 1:colcon.colcon_core.package_identification:_identify(src) by extension 'ignore'
[0.292s] Level 1:colcon.colcon_core.package_identification:_identify(src) by extension 'ignore_ament_install'
[0.292s] Level 1:colcon.colcon_core.package_identification:_identify(src) by extensions ['colcon_pkg']
[0.292s] Level 1:colcon.colcon_core.package_identification:_identify(src) by extension 'colcon_pkg'
[0.292s] Level 1:colcon.colcon_core.package_identification:_identify(src) by extensions ['colcon_meta']
[0.292s] Level 1:colcon.colcon_core.package_identification:_identify(src) by extension 'colcon_meta'
[0.292s] Level 1:colcon.colcon_core.package_identification:_identify(src) by extensions ['ros']
[0.292s] Level 1:colcon.colcon_core.package_identification:_identify(src) by extension 'ros'
[0.292s] Level 1:colcon.colcon_core.package_identification:_identify(src) by extensions ['cmake', 'python']
[0.293s] Level 1:colcon.colcon_core.package_identification:_identify(src) by extension 'cmake'
[0.293s] Level 1:colcon.colcon_core.package_identification:_identify(src) by extension 'python'
[0.293s] Level 1:colcon.colcon_core.package_identification:_identify(src) by extensions ['python_setup_py']
[0.293s] Level 1:colcon.colcon_core.package_identification:_identify(src) by extension 'python_setup_py'
[0.293s] Level 1:colcon.colcon_core.package_identification:_identify(src/DynamixelSDK) by extensions ['ignore', 'ignore_ament_install']
[0.293s] Level 1:colcon.colcon_core.package_identification:_identify(src/DynamixelSDK) by extension 'ignore'
[0.293s] Level 1:colcon.colcon_core.package_identification:_identify(src/DynamixelSDK) by extension 'ignore_ament_install'
[0.293s] Level 1:colcon.colcon_core.package_identification:_identify(src/DynamixelSDK) by extensions ['colcon_pkg']
[0.293s] Level 1:colcon.colcon_core.package_identification:_identify(src/DynamixelSDK) by extension 'colcon_pkg'
[0.293s] Level 1:colcon.colcon_core.package_identification:_identify(src/DynamixelSDK) by extensions ['colcon_meta']
[0.293s] Level 1:colcon.colcon_core.package_identification:_identify(src/DynamixelSDK) by extension 'colcon_meta'
[0.293s] Level 1:colcon.colcon_core.package_identification:_identify(src/DynamixelSDK) by extensions ['ros']
[0.293s] Level 1:colcon.colcon_core.package_identification:_identify(src/DynamixelSDK) by extension 'ros'
[0.293s] Level 1:colcon.colcon_core.package_identification:_identify(src/DynamixelSDK) by extensions ['cmake', 'python']
[0.293s] Level 1:colcon.colcon_core.package_identification:_identify(src/DynamixelSDK) by extension 'cmake'
[0.293s] Level 1:colcon.colcon_core.package_identification:_identify(src/DynamixelSDK) by extension 'python'
[0.293s] Level 1:colcon.colcon_core.package_identification:_identify(src/DynamixelSDK) by extensions ['python_setup_py']
[0.293s] Level 1:colcon.colcon_core.package_identification:_identify(src/DynamixelSDK) by extension 'python_setup_py'
[0.294s] Level 1:colcon.colcon_core.package_identification:_identify(src/DynamixelSDK/dynamixel_sdk) by extensions ['ignore', 'ignore_ament_install']
[0.294s] Level 1:colcon.colcon_core.package_identification:_identify(src/DynamixelSDK/dynamixel_sdk) by extension 'ignore'
[0.294s] Level 1:colcon.colcon_core.package_identification:_identify(src/DynamixelSDK/dynamixel_sdk) by extension 'ignore_ament_install'
[0.294s] Level 1:colcon.colcon_core.package_identification:_identify(src/DynamixelSDK/dynamixel_sdk) by extensions ['colcon_pkg']
[0.294s] Level 1:colcon.colcon_core.package_identification:_identify(src/DynamixelSDK/dynamixel_sdk) by extension 'colcon_pkg'
[0.294s] Level 1:colcon.colcon_core.package_identification:_identify(src/DynamixelSDK/dynamixel_sdk) by extensions ['colcon_meta']
[0.294s] Level 1:colcon.colcon_core.package_identification:_identify(src/DynamixelSDK/dynamixel_sdk) by extension 'colcon_meta'
[0.294s] Level 1:colcon.colcon_core.package_identification:_identify(src/DynamixelSDK/dynamixel_sdk) by extensions ['ros']
[0.294s] Level 1:colcon.colcon_core.package_identification:_identify(src/DynamixelSDK/dynamixel_sdk) by extension 'ros'
[0.297s] DEBUG:colcon.colcon_core.package_identification:Package 'src/DynamixelSDK/dynamixel_sdk' with type 'ros.ament_cmake' and name 'dynamixel_sdk'
[0.297s] Level 1:colcon.colcon_core.package_identification:_identify(src/DynamixelSDK/dynamixel_sdk_custom_interfaces) by extensions ['ignore', 'ignore_ament_install']
[0.298s] Level 1:colcon.colcon_core.package_identification:_identify(src/DynamixelSDK/dynamixel_sdk_custom_interfaces) by extension 'ignore'
[0.298s] Level 1:colcon.colcon_core.package_identification:_identify(src/DynamixelSDK/dynamixel_sdk_custom_interfaces) by extension 'ignore_ament_install'
[0.298s] Level 1:colcon.colcon_core.package_identification:_identify(src/DynamixelSDK/dynamixel_sdk_custom_interfaces) by extensions ['colcon_pkg']
[0.298s] Level 1:colcon.colcon_core.package_identification:_identify(src/DynamixelSDK/dynamixel_sdk_custom_interfaces) by extension 'colcon_pkg'
[0.298s] Level 1:colcon.colcon_core.package_identification:_identify(src/DynamixelSDK/dynamixel_sdk_custom_interfaces) by extensions ['colcon_meta']
[0.298s] Level 1:colcon.colcon_core.package_identification:_identify(src/DynamixelSDK/dynamixel_sdk_custom_interfaces) by extension 'colcon_meta'
[0.298s] Level 1:colcon.colcon_core.package_identification:_identify(src/DynamixelSDK/dynamixel_sdk_custom_interfaces) by extensions ['ros']
[0.298s] Level 1:colcon.colcon_core.package_identification:_identify(src/DynamixelSDK/dynamixel_sdk_custom_interfaces) by extension 'ros'
[0.299s] DEBUG:colcon.colcon_core.package_identification:Package 'src/DynamixelSDK/dynamixel_sdk_custom_interfaces' with type 'ros.ament_cmake' and name 'dynamixel_sdk_custom_interfaces'
[0.299s] Level 1:colcon.colcon_core.package_identification:_identify(src/DynamixelSDK/dynamixel_sdk_examples) by extensions ['ignore', 'ignore_ament_install']
[0.299s] Level 1:colcon.colcon_core.package_identification:_identify(src/DynamixelSDK/dynamixel_sdk_examples) by extension 'ignore'
[0.300s] Level 1:colcon.colcon_core.package_identification:_identify(src/DynamixelSDK/dynamixel_sdk_examples) by extension 'ignore_ament_install'
[0.300s] Level 1:colcon.colcon_core.package_identification:_identify(src/DynamixelSDK/dynamixel_sdk_examples) by extensions ['colcon_pkg']
[0.300s] Level 1:colcon.colcon_core.package_identification:_identify(src/DynamixelSDK/dynamixel_sdk_examples) by extension 'colcon_pkg'
[0.300s] Level 1:colcon.colcon_core.package_identification:_identify(src/DynamixelSDK/dynamixel_sdk_examples) by extensions ['colcon_meta']
[0.300s] Level 1:colcon.colcon_core.package_identification:_identify(src/DynamixelSDK/dynamixel_sdk_examples) by extension 'colcon_meta'
[0.300s] Level 1:colcon.colcon_core.package_identification:_identify(src/DynamixelSDK/dynamixel_sdk_examples) by extensions ['ros']
[0.300s] Level 1:colcon.colcon_core.package_identification:_identify(src/DynamixelSDK/dynamixel_sdk_examples) by extension 'ros'
[0.301s] DEBUG:colcon.colcon_core.package_identification:Package 'src/DynamixelSDK/dynamixel_sdk_examples' with type 'ros.ament_cmake' and name 'dynamixel_sdk_examples'
[0.302s] Level 1:colcon.colcon_core.package_discovery:discover_packages(recursive) using defaults
[0.302s] Level 1:colcon.colcon_core.package_discovery:discover_packages(ignore) discover
[0.302s] Level 1:colcon.colcon_core.package_discovery:discover_packages(ignore) using defaults
[0.302s] Level 1:colcon.colcon_core.package_discovery:discover_packages(path) discover
[0.302s] Level 1:colcon.colcon_core.package_discovery:discover_packages(path) using defaults
[0.330s] Level 1:colcon.colcon_core.package_discovery:discover_packages(prefix_path) check parameters
[0.330s] Level 1:colcon.colcon_core.package_discovery:discover_packages(prefix_path) discover
[0.332s] DEBUG:colcon.colcon_installed_package_information.package_discovery:Found 3 installed packages in /home/youyandchlow/ros2_ws/src/informatique_industrielle_avec_ROS2/pentograph_hardware/robotis_ws/install
[0.333s] DEBUG:colcon.colcon_installed_package_information.package_discovery:Found 18 installed packages in /opt/ros/humble
[0.335s] DEBUG:colcon.colcon_installed_package_information.package_discovery:Found 285 installed packages in /opt/ros/jazzy
[0.338s] Level 1:colcon.colcon_core.package_discovery:discover_packages(prefix_path) using defaults
[0.402s] Level 5:colcon.colcon_core.verb:set package 'dynamixel_sdk' build argument 'cmake_args' from command line to 'None'
[0.402s] Level 5:colcon.colcon_core.verb:set package 'dynamixel_sdk' build argument 'cmake_target' from command line to 'None'
[0.402s] Level 5:colcon.colcon_core.verb:set package 'dynamixel_sdk' build argument 'cmake_target_skip_unavailable' from command line to 'False'
[0.402s] Level 5:colcon.colcon_core.verb:set package 'dynamixel_sdk' build argument 'cmake_clean_cache' from command line to 'False'
[0.402s] Level 5:colcon.colcon_core.verb:set package 'dynamixel_sdk' build argument 'cmake_clean_first' from command line to 'False'
[0.402s] Level 5:colcon.colcon_core.verb:set package 'dynamixel_sdk' build argument 'cmake_force_configure' from command line to 'False'
[0.402s] Level 5:colcon.colcon_core.verb:set package 'dynamixel_sdk' build argument 'ament_cmake_args' from command line to 'None'
[0.402s] Level 5:colcon.colcon_core.verb:set package 'dynamixel_sdk' build argument 'catkin_cmake_args' from command line to 'None'
[0.402s] Level 5:colcon.colcon_core.verb:set package 'dynamixel_sdk' build argument 'catkin_skip_building_tests' from command line to 'False'
[0.402s] DEBUG:colcon.colcon_core.verb:Building package 'dynamixel_sdk' with the following arguments: {'ament_cmake_args': None, 'build_base': '/home/youyandchlow/ros2_ws/src/informatique_industrielle_avec_ROS2/pentograph_hardware/robotis_ws/build/dynamixel_sdk', 'catkin_cmake_args': None, 'catkin_skip_building_tests': False, 'cmake_args': None, 'cmake_clean_cache': False, 'cmake_clean_first': False, 'cmake_force_configure': False, 'cmake_target': None, 'cmake_target_skip_unavailable': False, 'install_base': '/home/youyandchlow/ros2_ws/src/informatique_industrielle_avec_ROS2/pentograph_hardware/robotis_ws/install/dynamixel_sdk', 'merge_install': False, 'path': '/home/youyandchlow/ros2_ws/src/informatique_industrielle_avec_ROS2/pentograph_hardware/robotis_ws/src/DynamixelSDK/dynamixel_sdk', 'symlink_install': True, 'test_result_base': None}
[0.403s] Level 5:colcon.colcon_core.verb:set package 'dynamixel_sdk_custom_interfaces' build argument 'cmake_args' from command line to 'None'
[0.403s] Level 5:colcon.colcon_core.verb:set package 'dynamixel_sdk_custom_interfaces' build argument 'cmake_target' from command line to 'None'
[0.403s] Level 5:colcon.colcon_core.verb:set package 'dynamixel_sdk_custom_interfaces' build argument 'cmake_target_skip_unavailable' from command line to 'False'
[0.403s] Level 5:colcon.colcon_core.verb:set package 'dynamixel_sdk_custom_interfaces' build argument 'cmake_clean_cache' from command line to 'False'
[0.403s] Level 5:colcon.colcon_core.verb:set package 'dynamixel_sdk_custom_interfaces' build argument 'cmake_clean_first' from command line to 'False'
[0.403s] Level 5:colcon.colcon_core.verb:set package 'dynamixel_sdk_custom_interfaces' build argument 'cmake_force_configure' from command line to 'False'
[0.403s] Level 5:colcon.colcon_core.verb:set package 'dynamixel_sdk_custom_interfaces' build argument 'ament_cmake_args' from command line to 'None'
[0.403s] Level 5:colcon.colcon_core.verb:set package 'dynamixel_sdk_custom_interfaces' build argument 'catkin_cmake_args' from command line to 'None'
[0.403s] Level 5:colcon.colcon_core.verb:set package 'dynamixel_sdk_custom_interfaces' build argument 'catkin_skip_building_tests' from command line to 'False'
[0.403s] DEBUG:colcon.colcon_core.verb:Building package 'dynamixel_sdk_custom_interfaces' with the following arguments: {'ament_cmake_args': None, 'build_base': '/home/youyandchlow/ros2_ws/src/informatique_industrielle_avec_ROS2/pentograph_hardware/robotis_ws/build/dynamixel_sdk_custom_interfaces', 'catkin_cmake_args': None, 'catkin_skip_building_tests': False, 'cmake_args': None, 'cmake_clean_cache': False, 'cmake_clean_first': False, 'cmake_force_configure': False, 'cmake_target': None, 'cmake_target_skip_unavailable': False, 'install_base': '/home/youyandchlow/ros2_ws/src/informatique_industrielle_avec_ROS2/pentograph_hardware/robotis_ws/install/dynamixel_sdk_custom_interfaces', 'merge_install': False, 'path': '/home/youyandchlow/ros2_ws/src/informatique_industrielle_avec_ROS2/pentograph_hardware/robotis_ws/src/DynamixelSDK/dynamixel_sdk_custom_interfaces', 'symlink_install': True, 'test_result_base': None}
[0.403s] Level 5:colcon.colcon_core.verb:set package 'dynamixel_sdk_examples' build argument 'cmake_args' from command line to 'None'
[0.404s] Level 5:colcon.colcon_core.verb:set package 'dynamixel_sdk_examples' build argument 'cmake_target' from command line to 'None'
[0.404s] Level 5:colcon.colcon_core.verb:set package 'dynamixel_sdk_examples' build argument 'cmake_target_skip_unavailable' from command line to 'False'
[0.404s] Level 5:colcon.colcon_core.verb:set package 'dynamixel_sdk_examples' build argument 'cmake_clean_cache' from command line to 'False'
[0.404s] Level 5:colcon.colcon_core.verb:set package 'dynamixel_sdk_examples' build argument 'cmake_clean_first' from command line to 'False'
[0.404s] Level 5:colcon.colcon_core.verb:set package 'dynamixel_sdk_examples' build argument 'cmake_force_configure' from command line to 'False'
[0.404s] Level 5:colcon.colcon_core.verb:set package 'dynamixel_sdk_examples' build argument 'ament_cmake_args' from command line to 'None'
[0.404s] Level 5:colcon.colcon_core.verb:set package 'dynamixel_sdk_examples' build argument 'catkin_cmake_args' from command line to 'None'
[0.404s] Level 5:colcon.colcon_core.verb:set package 'dynamixel_sdk_examples' build argument 'catkin_skip_building_tests' from command line to 'False'
[0.404s] DEBUG:colcon.colcon_core.verb:Building package 'dynamixel_sdk_examples' with the following arguments: {'ament_cmake_args': None, 'build_base': '/home/youyandchlow/ros2_ws/src/informatique_industrielle_avec_ROS2/pentograph_hardware/robotis_ws/build/dynamixel_sdk_examples', 'catkin_cmake_args': None, 'catkin_skip_building_tests': False, 'cmake_args': None, 'cmake_clean_cache': False, 'cmake_clean_first': False, 'cmake_force_configure': False, 'cmake_target': None, 'cmake_target_skip_unavailable': False, 'install_base': '/home/youyandchlow/ros2_ws/src/informatique_industrielle_avec_ROS2/pentograph_hardware/robotis_ws/install/dynamixel_sdk_examples', 'merge_install': False, 'path': '/home/youyandchlow/ros2_ws/src/informatique_industrielle_avec_ROS2/pentograph_hardware/robotis_ws/src/DynamixelSDK/dynamixel_sdk_examples', 'symlink_install': True, 'test_result_base': None}
[0.404s] INFO:colcon.colcon_core.executor:Executing jobs using 'parallel' executor
[0.405s] DEBUG:colcon.colcon_parallel_executor.executor.parallel:run_until_complete
[0.405s] INFO:colcon.colcon_ros.task.ament_cmake.build:Building ROS package in '/home/youyandchlow/ros2_ws/src/informatique_industrielle_avec_ROS2/pentograph_hardware/robotis_ws/src/DynamixelSDK/dynamixel_sdk' with build type 'ament_cmake'
[0.406s] INFO:colcon.colcon_cmake.task.cmake.build:Building CMake package in '/home/youyandchlow/ros2_ws/src/informatique_industrielle_avec_ROS2/pentograph_hardware/robotis_ws/src/DynamixelSDK/dynamixel_sdk'
[0.413s] INFO:colcon.colcon_core.plugin_system:Skipping extension 'colcon_core.shell.bat': Not used on non-Windows systems
[0.413s] INFO:colcon.colcon_core.shell:Skip shell extension 'powershell' for command environment: Not usable outside of PowerShell
[0.413s] DEBUG:colcon.colcon_core.shell:Skip shell extension 'dsv' for command environment
[0.426s] INFO:colcon.colcon_ros.task.ament_cmake.build:Building ROS package in '/home/youyandchlow/ros2_ws/src/informatique_industrielle_avec_ROS2/pentograph_hardware/robotis_ws/src/DynamixelSDK/dynamixel_sdk_custom_interfaces' with build type 'ament_cmake'
[0.428s] INFO:colcon.colcon_cmake.task.cmake.build:Building CMake package in '/home/youyandchlow/ros2_ws/src/informatique_industrielle_avec_ROS2/pentograph_hardware/robotis_ws/src/DynamixelSDK/dynamixel_sdk_custom_interfaces'
[0.429s] INFO:colcon.colcon_core.shell:Skip shell extension 'powershell' for command environment: Not usable outside of PowerShell
[0.429s] DEBUG:colcon.colcon_core.shell:Skip shell extension 'dsv' for command environment
[0.451s] DEBUG:colcon.colcon_core.event_handler.log_command:Invoking command in '/home/youyandchlow/ros2_ws/src/informatique_industrielle_avec_ROS2/pentograph_hardware/robotis_ws/build/dynamixel_sdk': CMAKE_PREFIX_PATH=${CMAKE_PREFIX_PATH}:/opt/ros/humble:/opt/ros/jazzy DEBUGINFOD_URLS=https://debuginfod.ubuntu.com /usr/bin/cmake --build /home/youyandchlow/ros2_ws/src/informatique_industrielle_avec_ROS2/pentograph_hardware/robotis_ws/build/dynamixel_sdk -- -j4 -l4
[0.471s] DEBUG:colcon.colcon_core.event_handler.log_command:Invoking command in '/home/youyandchlow/ros2_ws/src/informatique_industrielle_avec_ROS2/pentograph_hardware/robotis_ws/build/dynamixel_sdk_custom_interfaces': CMAKE_PREFIX_PATH=${CMAKE_PREFIX_PATH}:/opt/ros/humble:/opt/ros/jazzy DEBUGINFOD_URLS=https://debuginfod.ubuntu.com /usr/bin/cmake --build /home/youyandchlow/ros2_ws/src/informatique_industrielle_avec_ROS2/pentograph_hardware/robotis_ws/build/dynamixel_sdk_custom_interfaces -- -j4 -l4
[0.661s] DEBUG:colcon.colcon_core.event_handler.log_command:Invoked command in '/home/youyandchlow/ros2_ws/src/informatique_industrielle_avec_ROS2/pentograph_hardware/robotis_ws/build/dynamixel_sdk' returned '0': CMAKE_PREFIX_PATH=${CMAKE_PREFIX_PATH}:/opt/ros/humble:/opt/ros/jazzy DEBUGINFOD_URLS=https://debuginfod.ubuntu.com /usr/bin/cmake --build /home/youyandchlow/ros2_ws/src/informatique_industrielle_avec_ROS2/pentograph_hardware/robotis_ws/build/dynamixel_sdk -- -j4 -l4
[0.695s] DEBUG:colcon.colcon_core.event_handler.log_command:Invoking command in '/home/youyandchlow/ros2_ws/src/informatique_industrielle_avec_ROS2/pentograph_hardware/robotis_ws/build/dynamixel_sdk': CMAKE_PREFIX_PATH=${CMAKE_PREFIX_PATH}:/opt/ros/humble:/opt/ros/jazzy DEBUGINFOD_URLS=https://debuginfod.ubuntu.com /usr/bin/cmake --install /home/youyandchlow/ros2_ws/src/informatique_industrielle_avec_ROS2/pentograph_hardware/robotis_ws/build/dynamixel_sdk
[0.802s] Level 1:colcon.colcon_core.environment:create_environment_scripts_only(dynamixel_sdk)
[0.804s] DEBUG:colcon.colcon_core.event_handler.log_command:Invoked command in '/home/youyandchlow/ros2_ws/src/informatique_industrielle_avec_ROS2/pentograph_hardware/robotis_ws/build/dynamixel_sdk' returned '0': CMAKE_PREFIX_PATH=${CMAKE_PREFIX_PATH}:/opt/ros/humble:/opt/ros/jazzy DEBUGINFOD_URLS=https://debuginfod.ubuntu.com /usr/bin/cmake --install /home/youyandchlow/ros2_ws/src/informatique_industrielle_avec_ROS2/pentograph_hardware/robotis_ws/build/dynamixel_sdk
[0.809s] Level 1:colcon.colcon_core.environment:checking '/home/youyandchlow/ros2_ws/src/informatique_industrielle_avec_ROS2/pentograph_hardware/robotis_ws/install/dynamixel_sdk' for CMake module files
[0.819s] Level 1:colcon.colcon_core.environment:checking '/home/youyandchlow/ros2_ws/src/informatique_industrielle_avec_ROS2/pentograph_hardware/robotis_ws/install/dynamixel_sdk' for CMake config files
[0.821s] Level 1:colcon.colcon_core.shell:create_environment_hook('dynamixel_sdk', 'cmake_prefix_path')
[0.822s] INFO:colcon.colcon_core.shell:Creating environment hook '/home/youyandchlow/ros2_ws/src/informatique_industrielle_avec_ROS2/pentograph_hardware/robotis_ws/install/dynamixel_sdk/share/dynamixel_sdk/hook/cmake_prefix_path.ps1'
[0.827s] INFO:colcon.colcon_core.shell:Creating environment descriptor '/home/youyandchlow/ros2_ws/src/informatique_industrielle_avec_ROS2/pentograph_hardware/robotis_ws/install/dynamixel_sdk/share/dynamixel_sdk/hook/cmake_prefix_path.dsv'
[0.832s] INFO:colcon.colcon_core.shell:Creating environment hook '/home/youyandchlow/ros2_ws/src/informatique_industrielle_avec_ROS2/pentograph_hardware/robotis_ws/install/dynamixel_sdk/share/dynamixel_sdk/hook/cmake_prefix_path.sh'
[0.836s] Level 1:colcon.colcon_core.environment:checking '/home/youyandchlow/ros2_ws/src/informatique_industrielle_avec_ROS2/pentograph_hardware/robotis_ws/install/dynamixel_sdk/lib'
[0.836s] Level 1:colcon.colcon_core.shell:create_environment_hook('dynamixel_sdk', 'ld_library_path_lib')
[0.837s] INFO:colcon.colcon_core.shell:Creating environment hook '/home/youyandchlow/ros2_ws/src/informatique_industrielle_avec_ROS2/pentograph_hardware/robotis_ws/install/dynamixel_sdk/share/dynamixel_sdk/hook/ld_library_path_lib.ps1'
[0.840s] INFO:colcon.colcon_core.shell:Creating environment descriptor '/home/youyandchlow/ros2_ws/src/informatique_industrielle_avec_ROS2/pentograph_hardware/robotis_ws/install/dynamixel_sdk/share/dynamixel_sdk/hook/ld_library_path_lib.dsv'
[0.841s] INFO:colcon.colcon_core.shell:Creating environment hook '/home/youyandchlow/ros2_ws/src/informatique_industrielle_avec_ROS2/pentograph_hardware/robotis_ws/install/dynamixel_sdk/share/dynamixel_sdk/hook/ld_library_path_lib.sh'
[0.842s] Level 1:colcon.colcon_core.environment:checking '/home/youyandchlow/ros2_ws/src/informatique_industrielle_avec_ROS2/pentograph_hardware/robotis_ws/install/dynamixel_sdk/bin'
[0.843s] Level 1:colcon.colcon_core.environment:checking '/home/youyandchlow/ros2_ws/src/informatique_industrielle_avec_ROS2/pentograph_hardware/robotis_ws/install/dynamixel_sdk/lib/pkgconfig/dynamixel_sdk.pc'
[0.843s] Level 1:colcon.colcon_core.environment:checking '/home/youyandchlow/ros2_ws/src/informatique_industrielle_avec_ROS2/pentograph_hardware/robotis_ws/install/dynamixel_sdk/lib/python3.12/site-packages'
[0.844s] Level 1:colcon.colcon_core.environment:checking '/home/youyandchlow/ros2_ws/src/informatique_industrielle_avec_ROS2/pentograph_hardware/robotis_ws/install/dynamixel_sdk/bin'
[0.847s] INFO:colcon.colcon_core.shell:Creating package script '/home/youyandchlow/ros2_ws/src/informatique_industrielle_avec_ROS2/pentograph_hardware/robotis_ws/install/dynamixel_sdk/share/dynamixel_sdk/package.ps1'
[0.849s] INFO:colcon.colcon_core.shell:Creating package descriptor '/home/youyandchlow/ros2_ws/src/informatique_industrielle_avec_ROS2/pentograph_hardware/robotis_ws/install/dynamixel_sdk/share/dynamixel_sdk/package.dsv'
[0.851s] INFO:colcon.colcon_core.shell:Creating package script '/home/youyandchlow/ros2_ws/src/informatique_industrielle_avec_ROS2/pentograph_hardware/robotis_ws/install/dynamixel_sdk/share/dynamixel_sdk/package.sh'
[0.852s] INFO:colcon.colcon_core.shell:Creating package script '/home/youyandchlow/ros2_ws/src/informatique_industrielle_avec_ROS2/pentograph_hardware/robotis_ws/install/dynamixel_sdk/share/dynamixel_sdk/package.bash'
[0.854s] INFO:colcon.colcon_core.shell:Creating package script '/home/youyandchlow/ros2_ws/src/informatique_industrielle_avec_ROS2/pentograph_hardware/robotis_ws/install/dynamixel_sdk/share/dynamixel_sdk/package.zsh'
[0.857s] Level 1:colcon.colcon_core.environment:create_file_with_runtime_dependencies(/home/youyandchlow/ros2_ws/src/informatique_industrielle_avec_ROS2/pentograph_hardware/robotis_ws/install/dynamixel_sdk/share/colcon-core/packages/dynamixel_sdk)
[0.859s] Level 1:colcon.colcon_core.environment:create_environment_scripts_only(dynamixel_sdk)
[0.859s] Level 1:colcon.colcon_core.environment:checking '/home/youyandchlow/ros2_ws/src/informatique_industrielle_avec_ROS2/pentograph_hardware/robotis_ws/install/dynamixel_sdk' for CMake module files
[0.860s] Level 1:colcon.colcon_core.environment:checking '/home/youyandchlow/ros2_ws/src/informatique_industrielle_avec_ROS2/pentograph_hardware/robotis_ws/install/dynamixel_sdk' for CMake config files
[0.860s] Level 1:colcon.colcon_core.shell:create_environment_hook('dynamixel_sdk', 'cmake_prefix_path')
[0.861s] INFO:colcon.colcon_core.shell:Creating environment hook '/home/youyandchlow/ros2_ws/src/informatique_industrielle_avec_ROS2/pentograph_hardware/robotis_ws/install/dynamixel_sdk/share/dynamixel_sdk/hook/cmake_prefix_path.ps1'
[0.862s] INFO:colcon.colcon_core.shell:Creating environment descriptor '/home/youyandchlow/ros2_ws/src/informatique_industrielle_avec_ROS2/pentograph_hardware/robotis_ws/install/dynamixel_sdk/share/dynamixel_sdk/hook/cmake_prefix_path.dsv'
[0.863s] INFO:colcon.colcon_core.shell:Creating environment hook '/home/youyandchlow/ros2_ws/src/informatique_industrielle_avec_ROS2/pentograph_hardware/robotis_ws/install/dynamixel_sdk/share/dynamixel_sdk/hook/cmake_prefix_path.sh'
[0.864s] Level 1:colcon.colcon_core.environment:checking '/home/youyandchlow/ros2_ws/src/informatique_industrielle_avec_ROS2/pentograph_hardware/robotis_ws/install/dynamixel_sdk/lib'
[0.864s] Level 1:colcon.colcon_core.shell:create_environment_hook('dynamixel_sdk', 'ld_library_path_lib')
[0.864s] INFO:colcon.colcon_core.shell:Creating environment hook '/home/youyandchlow/ros2_ws/src/informatique_industrielle_avec_ROS2/pentograph_hardware/robotis_ws/install/dynamixel_sdk/share/dynamixel_sdk/hook/ld_library_path_lib.ps1'
[0.865s] INFO:colcon.colcon_core.shell:Creating environment descriptor '/home/youyandchlow/ros2_ws/src/informatique_industrielle_avec_ROS2/pentograph_hardware/robotis_ws/install/dynamixel_sdk/share/dynamixel_sdk/hook/ld_library_path_lib.dsv'
[0.866s] INFO:colcon.colcon_core.shell:Creating environment hook '/home/youyandchlow/ros2_ws/src/informatique_industrielle_avec_ROS2/pentograph_hardware/robotis_ws/install/dynamixel_sdk/share/dynamixel_sdk/hook/ld_library_path_lib.sh'
[0.867s] Level 1:colcon.colcon_core.environment:checking '/home/youyandchlow/ros2_ws/src/informatique_industrielle_avec_ROS2/pentograph_hardware/robotis_ws/install/dynamixel_sdk/bin'
[0.867s] Level 1:colcon.colcon_core.environment:checking '/home/youyandchlow/ros2_ws/src/informatique_industrielle_avec_ROS2/pentograph_hardware/robotis_ws/install/dynamixel_sdk/lib/pkgconfig/dynamixel_sdk.pc'
[0.868s] Level 1:colcon.colcon_core.environment:checking '/home/youyandchlow/ros2_ws/src/informatique_industrielle_avec_ROS2/pentograph_hardware/robotis_ws/install/dynamixel_sdk/lib/python3.12/site-packages'
[0.868s] Level 1:colcon.colcon_core.environment:checking '/home/youyandchlow/ros2_ws/src/informatique_industrielle_avec_ROS2/pentograph_hardware/robotis_ws/install/dynamixel_sdk/bin'
[0.869s] INFO:colcon.colcon_core.shell:Creating package script '/home/youyandchlow/ros2_ws/src/informatique_industrielle_avec_ROS2/pentograph_hardware/robotis_ws/install/dynamixel_sdk/share/dynamixel_sdk/package.ps1'
[0.870s] INFO:colcon.colcon_core.shell:Creating package descriptor '/home/youyandchlow/ros2_ws/src/informatique_industrielle_avec_ROS2/pentograph_hardware/robotis_ws/install/dynamixel_sdk/share/dynamixel_sdk/package.dsv'
[0.874s] INFO:colcon.colcon_core.shell:Creating package script '/home/youyandchlow/ros2_ws/src/informatique_industrielle_avec_ROS2/pentograph_hardware/robotis_ws/install/dynamixel_sdk/share/dynamixel_sdk/package.sh'
[0.877s] INFO:colcon.colcon_core.shell:Creating package script '/home/youyandchlow/ros2_ws/src/informatique_industrielle_avec_ROS2/pentograph_hardware/robotis_ws/install/dynamixel_sdk/share/dynamixel_sdk/package.bash'
[0.879s] INFO:colcon.colcon_core.shell:Creating package script '/home/youyandchlow/ros2_ws/src/informatique_industrielle_avec_ROS2/pentograph_hardware/robotis_ws/install/dynamixel_sdk/share/dynamixel_sdk/package.zsh'
[0.881s] Level 1:colcon.colcon_core.environment:create_file_with_runtime_dependencies(/home/youyandchlow/ros2_ws/src/informatique_industrielle_avec_ROS2/pentograph_hardware/robotis_ws/install/dynamixel_sdk/share/colcon-core/packages/dynamixel_sdk)
[1.465s] DEBUG:colcon.colcon_core.event_handler.log_command:Invoked command in '/home/youyandchlow/ros2_ws/src/informatique_industrielle_avec_ROS2/pentograph_hardware/robotis_ws/build/dynamixel_sdk_custom_interfaces' returned '0': CMAKE_PREFIX_PATH=${CMAKE_PREFIX_PATH}:/opt/ros/humble:/opt/ros/jazzy DEBUGINFOD_URLS=https://debuginfod.ubuntu.com /usr/bin/cmake --build /home/youyandchlow/ros2_ws/src/informatique_industrielle_avec_ROS2/pentograph_hardware/robotis_ws/build/dynamixel_sdk_custom_interfaces -- -j4 -l4
[1.468s] DEBUG:colcon.colcon_core.event_handler.log_command:Invoking command in '/home/youyandchlow/ros2_ws/src/informatique_industrielle_avec_ROS2/pentograph_hardware/robotis_ws/build/dynamixel_sdk_custom_interfaces': CMAKE_PREFIX_PATH=${CMAKE_PREFIX_PATH}:/opt/ros/humble:/opt/ros/jazzy DEBUGINFOD_URLS=https://debuginfod.ubuntu.com /usr/bin/cmake --install /home/youyandchlow/ros2_ws/src/informatique_industrielle_avec_ROS2/pentograph_hardware/robotis_ws/build/dynamixel_sdk_custom_interfaces
[1.641s] Level 1:colcon.colcon_core.environment:create_environment_scripts_only(dynamixel_sdk_custom_interfaces)
[1.642s] Level 1:colcon.colcon_core.environment:checking '/home/youyandchlow/ros2_ws/src/informatique_industrielle_avec_ROS2/pentograph_hardware/robotis_ws/install/dynamixel_sdk_custom_interfaces' for CMake module files
[1.642s] DEBUG:colcon.colcon_core.event_handler.log_command:Invoked command in '/home/youyandchlow/ros2_ws/src/informatique_industrielle_avec_ROS2/pentograph_hardware/robotis_ws/build/dynamixel_sdk_custom_interfaces' returned '0': CMAKE_PREFIX_PATH=${CMAKE_PREFIX_PATH}:/opt/ros/humble:/opt/ros/jazzy DEBUGINFOD_URLS=https://debuginfod.ubuntu.com /usr/bin/cmake --install /home/youyandchlow/ros2_ws/src/informatique_industrielle_avec_ROS2/pentograph_hardware/robotis_ws/build/dynamixel_sdk_custom_interfaces
[1.644s] Level 1:colcon.colcon_core.environment:checking '/home/youyandchlow/ros2_ws/src/informatique_industrielle_avec_ROS2/pentograph_hardware/robotis_ws/install/dynamixel_sdk_custom_interfaces' for CMake config files
[1.645s] Level 1:colcon.colcon_core.shell:create_environment_hook('dynamixel_sdk_custom_interfaces', 'cmake_prefix_path')
[1.645s] INFO:colcon.colcon_core.shell:Creating environment hook '/home/youyandchlow/ros2_ws/src/informatique_industrielle_avec_ROS2/pentograph_hardware/robotis_ws/install/dynamixel_sdk_custom_interfaces/share/dynamixel_sdk_custom_interfaces/hook/cmake_prefix_path.ps1'
[1.646s] INFO:colcon.colcon_core.shell:Creating environment descriptor '/home/youyandchlow/ros2_ws/src/informatique_industrielle_avec_ROS2/pentograph_hardware/robotis_ws/install/dynamixel_sdk_custom_interfaces/share/dynamixel_sdk_custom_interfaces/hook/cmake_prefix_path.dsv'
[1.646s] INFO:colcon.colcon_core.shell:Creating environment hook '/home/youyandchlow/ros2_ws/src/informatique_industrielle_avec_ROS2/pentograph_hardware/robotis_ws/install/dynamixel_sdk_custom_interfaces/share/dynamixel_sdk_custom_interfaces/hook/cmake_prefix_path.sh'
[1.648s] Level 1:colcon.colcon_core.environment:checking '/home/youyandchlow/ros2_ws/src/informatique_industrielle_avec_ROS2/pentograph_hardware/robotis_ws/install/dynamixel_sdk_custom_interfaces/lib'
[1.648s] Level 1:colcon.colcon_core.shell:create_environment_hook('dynamixel_sdk_custom_interfaces', 'ld_library_path_lib')
[1.648s] INFO:colcon.colcon_core.shell:Creating environment hook '/home/youyandchlow/ros2_ws/src/informatique_industrielle_avec_ROS2/pentograph_hardware/robotis_ws/install/dynamixel_sdk_custom_interfaces/share/dynamixel_sdk_custom_interfaces/hook/ld_library_path_lib.ps1'
[1.649s] INFO:colcon.colcon_core.shell:Creating environment descriptor '/home/youyandchlow/ros2_ws/src/informatique_industrielle_avec_ROS2/pentograph_hardware/robotis_ws/install/dynamixel_sdk_custom_interfaces/share/dynamixel_sdk_custom_interfaces/hook/ld_library_path_lib.dsv'
[1.649s] INFO:colcon.colcon_core.shell:Creating environment hook '/home/youyandchlow/ros2_ws/src/informatique_industrielle_avec_ROS2/pentograph_hardware/robotis_ws/install/dynamixel_sdk_custom_interfaces/share/dynamixel_sdk_custom_interfaces/hook/ld_library_path_lib.sh'
[1.650s] Level 1:colcon.colcon_core.environment:checking '/home/youyandchlow/ros2_ws/src/informatique_industrielle_avec_ROS2/pentograph_hardware/robotis_ws/install/dynamixel_sdk_custom_interfaces/bin'
[1.650s] Level 1:colcon.colcon_core.environment:checking '/home/youyandchlow/ros2_ws/src/informatique_industrielle_avec_ROS2/pentograph_hardware/robotis_ws/install/dynamixel_sdk_custom_interfaces/lib/pkgconfig/dynamixel_sdk_custom_interfaces.pc'
[1.650s] Level 1:colcon.colcon_core.environment:checking '/home/youyandchlow/ros2_ws/src/informatique_industrielle_avec_ROS2/pentograph_hardware/robotis_ws/install/dynamixel_sdk_custom_interfaces/lib/python3.12/site-packages'
[1.651s] Level 1:colcon.colcon_core.environment:checking '/home/youyandchlow/ros2_ws/src/informatique_industrielle_avec_ROS2/pentograph_hardware/robotis_ws/install/dynamixel_sdk_custom_interfaces/bin'
[1.651s] INFO:colcon.colcon_core.shell:Creating package script '/home/youyandchlow/ros2_ws/src/informatique_industrielle_avec_ROS2/pentograph_hardware/robotis_ws/install/dynamixel_sdk_custom_interfaces/share/dynamixel_sdk_custom_interfaces/package.ps1'
[1.653s] INFO:colcon.colcon_core.shell:Creating package descriptor '/home/youyandchlow/ros2_ws/src/informatique_industrielle_avec_ROS2/pentograph_hardware/robotis_ws/install/dynamixel_sdk_custom_interfaces/share/dynamixel_sdk_custom_interfaces/package.dsv'
[1.654s] INFO:colcon.colcon_core.shell:Creating package script '/home/youyandchlow/ros2_ws/src/informatique_industrielle_avec_ROS2/pentograph_hardware/robotis_ws/install/dynamixel_sdk_custom_interfaces/share/dynamixel_sdk_custom_interfaces/package.sh'
[1.654s] INFO:colcon.colcon_core.shell:Creating package script '/home/youyandchlow/ros2_ws/src/informatique_industrielle_avec_ROS2/pentograph_hardware/robotis_ws/install/dynamixel_sdk_custom_interfaces/share/dynamixel_sdk_custom_interfaces/package.bash'
[1.655s] INFO:colcon.colcon_core.shell:Creating package script '/home/youyandchlow/ros2_ws/src/informatique_industrielle_avec_ROS2/pentograph_hardware/robotis_ws/install/dynamixel_sdk_custom_interfaces/share/dynamixel_sdk_custom_interfaces/package.zsh'
[1.655s] Level 1:colcon.colcon_core.environment:create_file_with_runtime_dependencies(/home/youyandchlow/ros2_ws/src/informatique_industrielle_avec_ROS2/pentograph_hardware/robotis_ws/install/dynamixel_sdk_custom_interfaces/share/colcon-core/packages/dynamixel_sdk_custom_interfaces)
[1.656s] Level 1:colcon.colcon_core.environment:create_environment_scripts_only(dynamixel_sdk_custom_interfaces)
[1.657s] Level 1:colcon.colcon_core.environment:checking '/home/youyandchlow/ros2_ws/src/informatique_industrielle_avec_ROS2/pentograph_hardware/robotis_ws/install/dynamixel_sdk_custom_interfaces' for CMake module files
[1.658s] Level 1:colcon.colcon_core.environment:checking '/home/youyandchlow/ros2_ws/src/informatique_industrielle_avec_ROS2/pentograph_hardware/robotis_ws/install/dynamixel_sdk_custom_interfaces' for CMake config files
[1.659s] Level 1:colcon.colcon_core.shell:create_environment_hook('dynamixel_sdk_custom_interfaces', 'cmake_prefix_path')
[1.659s] INFO:colcon.colcon_core.shell:Creating environment hook '/home/youyandchlow/ros2_ws/src/informatique_industrielle_avec_ROS2/pentograph_hardware/robotis_ws/install/dynamixel_sdk_custom_interfaces/share/dynamixel_sdk_custom_interfaces/hook/cmake_prefix_path.ps1'
[1.660s] INFO:colcon.colcon_core.shell:Creating environment descriptor '/home/youyandchlow/ros2_ws/src/informatique_industrielle_avec_ROS2/pentograph_hardware/robotis_ws/install/dynamixel_sdk_custom_interfaces/share/dynamixel_sdk_custom_interfaces/hook/cmake_prefix_path.dsv'
[1.660s] INFO:colcon.colcon_core.shell:Creating environment hook '/home/youyandchlow/ros2_ws/src/informatique_industrielle_avec_ROS2/pentograph_hardware/robotis_ws/install/dynamixel_sdk_custom_interfaces/share/dynamixel_sdk_custom_interfaces/hook/cmake_prefix_path.sh'
[1.661s] Level 1:colcon.colcon_core.environment:checking '/home/youyandchlow/ros2_ws/src/informatique_industrielle_avec_ROS2/pentograph_hardware/robotis_ws/install/dynamixel_sdk_custom_interfaces/lib'
[1.661s] Level 1:colcon.colcon_core.shell:create_environment_hook('dynamixel_sdk_custom_interfaces', 'ld_library_path_lib')
[1.661s] INFO:colcon.colcon_core.shell:Creating environment hook '/home/youyandchlow/ros2_ws/src/informatique_industrielle_avec_ROS2/pentograph_hardware/robotis_ws/install/dynamixel_sdk_custom_interfaces/share/dynamixel_sdk_custom_interfaces/hook/ld_library_path_lib.ps1'
[1.662s] INFO:colcon.colcon_core.shell:Creating environment descriptor '/home/youyandchlow/ros2_ws/src/informatique_industrielle_avec_ROS2/pentograph_hardware/robotis_ws/install/dynamixel_sdk_custom_interfaces/share/dynamixel_sdk_custom_interfaces/hook/ld_library_path_lib.dsv'
[1.662s] INFO:colcon.colcon_core.shell:Creating environment hook '/home/youyandchlow/ros2_ws/src/informatique_industrielle_avec_ROS2/pentograph_hardware/robotis_ws/install/dynamixel_sdk_custom_interfaces/share/dynamixel_sdk_custom_interfaces/hook/ld_library_path_lib.sh'
[1.663s] Level 1:colcon.colcon_core.environment:checking '/home/youyandchlow/ros2_ws/src/informatique_industrielle_avec_ROS2/pentograph_hardware/robotis_ws/install/dynamixel_sdk_custom_interfaces/bin'
[1.663s] Level 1:colcon.colcon_core.environment:checking '/home/youyandchlow/ros2_ws/src/informatique_industrielle_avec_ROS2/pentograph_hardware/robotis_ws/install/dynamixel_sdk_custom_interfaces/lib/pkgconfig/dynamixel_sdk_custom_interfaces.pc'
[1.663s] Level 1:colcon.colcon_core.environment:checking '/home/youyandchlow/ros2_ws/src/informatique_industrielle_avec_ROS2/pentograph_hardware/robotis_ws/install/dynamixel_sdk_custom_interfaces/lib/python3.12/site-packages'
[1.663s] Level 1:colcon.colcon_core.environment:checking '/home/youyandchlow/ros2_ws/src/informatique_industrielle_avec_ROS2/pentograph_hardware/robotis_ws/install/dynamixel_sdk_custom_interfaces/bin'
[1.664s] INFO:colcon.colcon_core.shell:Creating package script '/home/youyandchlow/ros2_ws/src/informatique_industrielle_avec_ROS2/pentograph_hardware/robotis_ws/install/dynamixel_sdk_custom_interfaces/share/dynamixel_sdk_custom_interfaces/package.ps1'
[1.664s] INFO:colcon.colcon_core.shell:Creating package descriptor '/home/youyandchlow/ros2_ws/src/informatique_industrielle_avec_ROS2/pentograph_hardware/robotis_ws/install/dynamixel_sdk_custom_interfaces/share/dynamixel_sdk_custom_interfaces/package.dsv'
[1.665s] INFO:colcon.colcon_core.shell:Creating package script '/home/youyandchlow/ros2_ws/src/informatique_industrielle_avec_ROS2/pentograph_hardware/robotis_ws/install/dynamixel_sdk_custom_interfaces/share/dynamixel_sdk_custom_interfaces/package.sh'
[1.665s] INFO:colcon.colcon_core.shell:Creating package script '/home/youyandchlow/ros2_ws/src/informatique_industrielle_avec_ROS2/pentograph_hardware/robotis_ws/install/dynamixel_sdk_custom_interfaces/share/dynamixel_sdk_custom_interfaces/package.bash'
[1.666s] INFO:colcon.colcon_core.shell:Creating package script '/home/youyandchlow/ros2_ws/src/informatique_industrielle_avec_ROS2/pentograph_hardware/robotis_ws/install/dynamixel_sdk_custom_interfaces/share/dynamixel_sdk_custom_interfaces/package.zsh'
[1.666s] Level 1:colcon.colcon_core.environment:create_file_with_runtime_dependencies(/home/youyandchlow/ros2_ws/src/informatique_industrielle_avec_ROS2/pentograph_hardware/robotis_ws/install/dynamixel_sdk_custom_interfaces/share/colcon-core/packages/dynamixel_sdk_custom_interfaces)
[1.667s] INFO:colcon.colcon_ros.task.ament_cmake.build:Building ROS package in '/home/youyandchlow/ros2_ws/src/informatique_industrielle_avec_ROS2/pentograph_hardware/robotis_ws/src/DynamixelSDK/dynamixel_sdk_examples' with build type 'ament_cmake'
[1.667s] INFO:colcon.colcon_cmake.task.cmake.build:Building CMake package in '/home/youyandchlow/ros2_ws/src/informatique_industrielle_avec_ROS2/pentograph_hardware/robotis_ws/src/DynamixelSDK/dynamixel_sdk_examples'
[1.667s] INFO:colcon.colcon_core.shell:Skip shell extension 'powershell' for command environment: Not usable outside of PowerShell
[1.667s] DEBUG:colcon.colcon_core.shell:Skip shell extension 'dsv' for command environment
[1.709s] DEBUG:colcon.colcon_core.event_handler.log_command:Invoking command in '/home/youyandchlow/ros2_ws/src/informatique_industrielle_avec_ROS2/pentograph_hardware/robotis_ws/build/dynamixel_sdk_examples': AMENT_PREFIX_PATH=/home/youyandchlow/ros2_ws/src/informatique_industrielle_avec_ROS2/pentograph_hardware/robotis_ws/install/dynamixel_sdk_custom_interfaces:/home/youyandchlow/ros2_ws/src/informatique_industrielle_avec_ROS2/pentograph_hardware/robotis_ws/install/dynamixel_sdk:${AMENT_PREFIX_PATH} CMAKE_PREFIX_PATH=/home/youyandchlow/ros2_ws/src/informatique_industrielle_avec_ROS2/pentograph_hardware/robotis_ws/install/dynamixel_sdk_custom_interfaces:/home/youyandchlow/ros2_ws/src/informatique_industrielle_avec_ROS2/pentograph_hardware/robotis_ws/install/dynamixel_sdk:/opt/ros/jazzy/opt/gz_math_vendor:/opt/ros/jazzy/opt/gz_utils_vendor:/opt/ros/jazzy/opt/gz_cmake_vendor:/opt/ros/humble:/opt/ros/jazzy DEBUGINFOD_URLS=https://debuginfod.ubuntu.com LD_LIBRARY_PATH=/home/youyandchlow/ros2_ws/src/informatique_industrielle_avec_ROS2/pentograph_hardware/robotis_ws/install/dynamixel_sdk_custom_interfaces/lib:/home/youyandchlow/ros2_ws/src/informatique_industrielle_avec_ROS2/pentograph_hardware/robotis_ws/install/dynamixel_sdk/lib:${LD_LIBRARY_PATH} PYTHONPATH=/home/youyandchlow/ros2_ws/src/informatique_industrielle_avec_ROS2/pentograph_hardware/robotis_ws/install/dynamixel_sdk_custom_interfaces/local/lib/python3.12/dist-packages:${PYTHONPATH} /usr/bin/cmake --build /home/youyandchlow/ros2_ws/src/informatique_industrielle_avec_ROS2/pentograph_hardware/robotis_ws/build/dynamixel_sdk_examples -- -j4 -l4
[20.055s] DEBUG:colcon.colcon_core.event_handler.log_command:Invoked command in '/home/youyandchlow/ros2_ws/src/informatique_industrielle_avec_ROS2/pentograph_hardware/robotis_ws/build/dynamixel_sdk_examples' returned '0': AMENT_PREFIX_PATH=/home/youyandchlow/ros2_ws/src/informatique_industrielle_avec_ROS2/pentograph_hardware/robotis_ws/install/dynamixel_sdk_custom_interfaces:/home/youyandchlow/ros2_ws/src/informatique_industrielle_avec_ROS2/pentograph_hardware/robotis_ws/install/dynamixel_sdk:${AMENT_PREFIX_PATH} CMAKE_PREFIX_PATH=/home/youyandchlow/ros2_ws/src/informatique_industrielle_avec_ROS2/pentograph_hardware/robotis_ws/install/dynamixel_sdk_custom_interfaces:/home/youyandchlow/ros2_ws/src/informatique_industrielle_avec_ROS2/pentograph_hardware/robotis_ws/install/dynamixel_sdk:/opt/ros/jazzy/opt/gz_math_vendor:/opt/ros/jazzy/opt/gz_utils_vendor:/opt/ros/jazzy/opt/gz_cmake_vendor:/opt/ros/humble:/opt/ros/jazzy DEBUGINFOD_URLS=https://debuginfod.ubuntu.com LD_LIBRARY_PATH=/home/youyandchlow/ros2_ws/src/informatique_industrielle_avec_ROS2/pentograph_hardware/robotis_ws/install/dynamixel_sdk_custom_interfaces/lib:/home/youyandchlow/ros2_ws/src/informatique_industrielle_avec_ROS2/pentograph_hardware/robotis_ws/install/dynamixel_sdk/lib:${LD_LIBRARY_PATH} PYTHONPATH=/home/youyandchlow/ros2_ws/src/informatique_industrielle_avec_ROS2/pentograph_hardware/robotis_ws/install/dynamixel_sdk_custom_interfaces/local/lib/python3.12/dist-packages:${PYTHONPATH} /usr/bin/cmake --build /home/youyandchlow/ros2_ws/src/informatique_industrielle_avec_ROS2/pentograph_hardware/robotis_ws/build/dynamixel_sdk_examples -- -j4 -l4
[20.057s] DEBUG:colcon.colcon_core.event_handler.log_command:Invoking command in '/home/youyandchlow/ros2_ws/src/informatique_industrielle_avec_ROS2/pentograph_hardware/robotis_ws/build/dynamixel_sdk_examples': AMENT_PREFIX_PATH=/home/youyandchlow/ros2_ws/src/informatique_industrielle_avec_ROS2/pentograph_hardware/robotis_ws/install/dynamixel_sdk_custom_interfaces:/home/youyandchlow/ros2_ws/src/informatique_industrielle_avec_ROS2/pentograph_hardware/robotis_ws/install/dynamixel_sdk:${AMENT_PREFIX_PATH} CMAKE_PREFIX_PATH=/home/youyandchlow/ros2_ws/src/informatique_industrielle_avec_ROS2/pentograph_hardware/robotis_ws/install/dynamixel_sdk_custom_interfaces:/home/youyandchlow/ros2_ws/src/informatique_industrielle_avec_ROS2/pentograph_hardware/robotis_ws/install/dynamixel_sdk:/opt/ros/jazzy/opt/gz_math_vendor:/opt/ros/jazzy/opt/gz_utils_vendor:/opt/ros/jazzy/opt/gz_cmake_vendor:/opt/ros/humble:/opt/ros/jazzy DEBUGINFOD_URLS=https://debuginfod.ubuntu.com LD_LIBRARY_PATH=/home/youyandchlow/ros2_ws/src/informatique_industrielle_avec_ROS2/pentograph_hardware/robotis_ws/install/dynamixel_sdk_custom_interfaces/lib:/home/youyandchlow/ros2_ws/src/informatique_industrielle_avec_ROS2/pentograph_hardware/robotis_ws/install/dynamixel_sdk/lib:${LD_LIBRARY_PATH} PYTHONPATH=/home/youyandchlow/ros2_ws/src/informatique_industrielle_avec_ROS2/pentograph_hardware/robotis_ws/install/dynamixel_sdk_custom_interfaces/local/lib/python3.12/dist-packages:${PYTHONPATH} /usr/bin/cmake --install /home/youyandchlow/ros2_ws/src/informatique_industrielle_avec_ROS2/pentograph_hardware/robotis_ws/build/dynamixel_sdk_examples
[20.104s] Level 1:colcon.colcon_core.environment:create_environment_scripts_only(dynamixel_sdk_examples)
[20.104s] Level 1:colcon.colcon_core.environment:checking '/home/youyandchlow/ros2_ws/src/informatique_industrielle_avec_ROS2/pentograph_hardware/robotis_ws/install/dynamixel_sdk_examples' for CMake module files
[20.105s] DEBUG:colcon.colcon_core.event_handler.log_command:Invoked command in '/home/youyandchlow/ros2_ws/src/informatique_industrielle_avec_ROS2/pentograph_hardware/robotis_ws/build/dynamixel_sdk_examples' returned '0': AMENT_PREFIX_PATH=/home/youyandchlow/ros2_ws/src/informatique_industrielle_avec_ROS2/pentograph_hardware/robotis_ws/install/dynamixel_sdk_custom_interfaces:/home/youyandchlow/ros2_ws/src/informatique_industrielle_avec_ROS2/pentograph_hardware/robotis_ws/install/dynamixel_sdk:${AMENT_PREFIX_PATH} CMAKE_PREFIX_PATH=/home/youyandchlow/ros2_ws/src/informatique_industrielle_avec_ROS2/pentograph_hardware/robotis_ws/install/dynamixel_sdk_custom_interfaces:/home/youyandchlow/ros2_ws/src/informatique_industrielle_avec_ROS2/pentograph_hardware/robotis_ws/install/dynamixel_sdk:/opt/ros/jazzy/opt/gz_math_vendor:/opt/ros/jazzy/opt/gz_utils_vendor:/opt/ros/jazzy/opt/gz_cmake_vendor:/opt/ros/humble:/opt/ros/jazzy DEBUGINFOD_URLS=https://debuginfod.ubuntu.com LD_LIBRARY_PATH=/home/youyandchlow/ros2_ws/src/informatique_industrielle_avec_ROS2/pentograph_hardware/robotis_ws/install/dynamixel_sdk_custom_interfaces/lib:/home/youyandchlow/ros2_ws/src/informatique_industrielle_avec_ROS2/pentograph_hardware/robotis_ws/install/dynamixel_sdk/lib:${LD_LIBRARY_PATH} PYTHONPATH=/home/youyandchlow/ros2_ws/src/informatique_industrielle_avec_ROS2/pentograph_hardware/robotis_ws/install/dynamixel_sdk_custom_interfaces/local/lib/python3.12/dist-packages:${PYTHONPATH} /usr/bin/cmake --install /home/youyandchlow/ros2_ws/src/informatique_industrielle_avec_ROS2/pentograph_hardware/robotis_ws/build/dynamixel_sdk_examples
[20.105s] Level 1:colcon.colcon_core.environment:checking '/home/youyandchlow/ros2_ws/src/informatique_industrielle_avec_ROS2/pentograph_hardware/robotis_ws/install/dynamixel_sdk_examples' for CMake config files
[20.106s] Level 1:colcon.colcon_core.shell:create_environment_hook('dynamixel_sdk_examples', 'cmake_prefix_path')
[20.106s] INFO:colcon.colcon_core.shell:Creating environment hook '/home/youyandchlow/ros2_ws/src/informatique_industrielle_avec_ROS2/pentograph_hardware/robotis_ws/install/dynamixel_sdk_examples/share/dynamixel_sdk_examples/hook/cmake_prefix_path.ps1'
[20.106s] INFO:colcon.colcon_core.shell:Creating environment descriptor '/home/youyandchlow/ros2_ws/src/informatique_industrielle_avec_ROS2/pentograph_hardware/robotis_ws/install/dynamixel_sdk_examples/share/dynamixel_sdk_examples/hook/cmake_prefix_path.dsv'
[20.107s] INFO:colcon.colcon_core.shell:Creating environment hook '/home/youyandchlow/ros2_ws/src/informatique_industrielle_avec_ROS2/pentograph_hardware/robotis_ws/install/dynamixel_sdk_examples/share/dynamixel_sdk_examples/hook/cmake_prefix_path.sh'
[20.108s] Level 1:colcon.colcon_core.environment:checking '/home/youyandchlow/ros2_ws/src/informatique_industrielle_avec_ROS2/pentograph_hardware/robotis_ws/install/dynamixel_sdk_examples/lib'
[20.108s] Level 1:colcon.colcon_core.environment:checking '/home/youyandchlow/ros2_ws/src/informatique_industrielle_avec_ROS2/pentograph_hardware/robotis_ws/install/dynamixel_sdk_examples/bin'
[20.108s] Level 1:colcon.colcon_core.environment:checking '/home/youyandchlow/ros2_ws/src/informatique_industrielle_avec_ROS2/pentograph_hardware/robotis_ws/install/dynamixel_sdk_examples/lib/pkgconfig/dynamixel_sdk_examples.pc'
[20.109s] Level 1:colcon.colcon_core.environment:checking '/home/youyandchlow/ros2_ws/src/informatique_industrielle_avec_ROS2/pentograph_hardware/robotis_ws/install/dynamixel_sdk_examples/lib/python3.12/site-packages'
[20.109s] Level 1:colcon.colcon_core.environment:checking '/home/youyandchlow/ros2_ws/src/informatique_industrielle_avec_ROS2/pentograph_hardware/robotis_ws/install/dynamixel_sdk_examples/bin'
[20.109s] INFO:colcon.colcon_core.shell:Creating package script '/home/youyandchlow/ros2_ws/src/informatique_industrielle_avec_ROS2/pentograph_hardware/robotis_ws/install/dynamixel_sdk_examples/share/dynamixel_sdk_examples/package.ps1'
[20.110s] INFO:colcon.colcon_core.shell:Creating package descriptor '/home/youyandchlow/ros2_ws/src/informatique_industrielle_avec_ROS2/pentograph_hardware/robotis_ws/install/dynamixel_sdk_examples/share/dynamixel_sdk_examples/package.dsv'
[20.111s] INFO:colcon.colcon_core.shell:Creating package script '/home/youyandchlow/ros2_ws/src/informatique_industrielle_avec_ROS2/pentograph_hardware/robotis_ws/install/dynamixel_sdk_examples/share/dynamixel_sdk_examples/package.sh'
[20.111s] INFO:colcon.colcon_core.shell:Creating package script '/home/youyandchlow/ros2_ws/src/informatique_industrielle_avec_ROS2/pentograph_hardware/robotis_ws/install/dynamixel_sdk_examples/share/dynamixel_sdk_examples/package.bash'
[20.111s] INFO:colcon.colcon_core.shell:Creating package script '/home/youyandchlow/ros2_ws/src/informatique_industrielle_avec_ROS2/pentograph_hardware/robotis_ws/install/dynamixel_sdk_examples/share/dynamixel_sdk_examples/package.zsh'
[20.112s] Level 1:colcon.colcon_core.environment:create_file_with_runtime_dependencies(/home/youyandchlow/ros2_ws/src/informatique_industrielle_avec_ROS2/pentograph_hardware/robotis_ws/install/dynamixel_sdk_examples/share/colcon-core/packages/dynamixel_sdk_examples)
[20.113s] Level 1:colcon.colcon_core.environment:create_environment_scripts_only(dynamixel_sdk_examples)
[20.113s] Level 1:colcon.colcon_core.environment:checking '/home/youyandchlow/ros2_ws/src/informatique_industrielle_avec_ROS2/pentograph_hardware/robotis_ws/install/dynamixel_sdk_examples' for CMake module files
[20.114s] Level 1:colcon.colcon_core.environment:checking '/home/youyandchlow/ros2_ws/src/informatique_industrielle_avec_ROS2/pentograph_hardware/robotis_ws/install/dynamixel_sdk_examples' for CMake config files
[20.114s] Level 1:colcon.colcon_core.shell:create_environment_hook('dynamixel_sdk_examples', 'cmake_prefix_path')
[20.114s] INFO:colcon.colcon_core.shell:Creating environment hook '/home/youyandchlow/ros2_ws/src/informatique_industrielle_avec_ROS2/pentograph_hardware/robotis_ws/install/dynamixel_sdk_examples/share/dynamixel_sdk_examples/hook/cmake_prefix_path.ps1'
[20.115s] INFO:colcon.colcon_core.shell:Creating environment descriptor '/home/youyandchlow/ros2_ws/src/informatique_industrielle_avec_ROS2/pentograph_hardware/robotis_ws/install/dynamixel_sdk_examples/share/dynamixel_sdk_examples/hook/cmake_prefix_path.dsv'
[20.115s] INFO:colcon.colcon_core.shell:Creating environment hook '/home/youyandchlow/ros2_ws/src/informatique_industrielle_avec_ROS2/pentograph_hardware/robotis_ws/install/dynamixel_sdk_examples/share/dynamixel_sdk_examples/hook/cmake_prefix_path.sh'
[20.116s] Level 1:colcon.colcon_core.environment:checking '/home/youyandchlow/ros2_ws/src/informatique_industrielle_avec_ROS2/pentograph_hardware/robotis_ws/install/dynamixel_sdk_examples/lib'
[20.116s] Level 1:colcon.colcon_core.environment:checking '/home/youyandchlow/ros2_ws/src/informatique_industrielle_avec_ROS2/pentograph_hardware/robotis_ws/install/dynamixel_sdk_examples/bin'
[20.116s] Level 1:colcon.colcon_core.environment:checking '/home/youyandchlow/ros2_ws/src/informatique_industrielle_avec_ROS2/pentograph_hardware/robotis_ws/install/dynamixel_sdk_examples/lib/pkgconfig/dynamixel_sdk_examples.pc'
[20.117s] Level 1:colcon.colcon_core.environment:checking '/home/youyandchlow/ros2_ws/src/informatique_industrielle_avec_ROS2/pentograph_hardware/robotis_ws/install/dynamixel_sdk_examples/lib/python3.12/site-packages'
[20.117s] Level 1:colcon.colcon_core.environment:checking '/home/youyandchlow/ros2_ws/src/informatique_industrielle_avec_ROS2/pentograph_hardware/robotis_ws/install/dynamixel_sdk_examples/bin'
[20.117s] INFO:colcon.colcon_core.shell:Creating package script '/home/youyandchlow/ros2_ws/src/informatique_industrielle_avec_ROS2/pentograph_hardware/robotis_ws/install/dynamixel_sdk_examples/share/dynamixel_sdk_examples/package.ps1'
[20.118s] INFO:colcon.colcon_core.shell:Creating package descriptor '/home/youyandchlow/ros2_ws/src/informatique_industrielle_avec_ROS2/pentograph_hardware/robotis_ws/install/dynamixel_sdk_examples/share/dynamixel_sdk_examples/package.dsv'
[20.118s] INFO:colcon.colcon_core.shell:Creating package script '/home/youyandchlow/ros2_ws/src/informatique_industrielle_avec_ROS2/pentograph_hardware/robotis_ws/install/dynamixel_sdk_examples/share/dynamixel_sdk_examples/package.sh'
[20.119s] INFO:colcon.colcon_core.shell:Creating package script '/home/youyandchlow/ros2_ws/src/informatique_industrielle_avec_ROS2/pentograph_hardware/robotis_ws/install/dynamixel_sdk_examples/share/dynamixel_sdk_examples/package.bash'
[20.120s] INFO:colcon.colcon_core.shell:Creating package script '/home/youyandchlow/ros2_ws/src/informatique_industrielle_avec_ROS2/pentograph_hardware/robotis_ws/install/dynamixel_sdk_examples/share/dynamixel_sdk_examples/package.zsh'
[20.120s] Level 1:colcon.colcon_core.environment:create_file_with_runtime_dependencies(/home/youyandchlow/ros2_ws/src/informatique_industrielle_avec_ROS2/pentograph_hardware/robotis_ws/install/dynamixel_sdk_examples/share/colcon-core/packages/dynamixel_sdk_examples)
[20.123s] DEBUG:colcon.colcon_parallel_executor.executor.parallel:closing loop
[20.125s] DEBUG:colcon.colcon_parallel_executor.executor.parallel:loop closed
[20.126s] DEBUG:colcon.colcon_parallel_executor.executor.parallel:run_until_complete finished with '0'
[20.126s] DEBUG:colcon.colcon_core.event_reactor:joining thread
[20.147s] INFO:colcon.colcon_core.plugin_system:Skipping extension 'colcon_notification.desktop_notification.terminal_notifier': Not used on non-Darwin systems
[20.147s] INFO:colcon.colcon_core.plugin_system:Skipping extension 'colcon_notification.desktop_notification.win32': Not used on non-Windows systems
[20.147s] INFO:colcon.colcon_notification.desktop_notification:Sending desktop notification using 'notify2'
[20.180s] DEBUG:colcon.colcon_core.event_reactor:joined thread
[20.181s] INFO:colcon.colcon_core.shell:Creating prefix script '/home/youyandchlow/ros2_ws/src/informatique_industrielle_avec_ROS2/pentograph_hardware/robotis_ws/install/local_setup.ps1'
[20.182s] INFO:colcon.colcon_core.shell:Creating prefix util module '/home/youyandchlow/ros2_ws/src/informatique_industrielle_avec_ROS2/pentograph_hardware/robotis_ws/install/_local_setup_util_ps1.py'
[20.184s] INFO:colcon.colcon_core.shell:Creating prefix chain script '/home/youyandchlow/ros2_ws/src/informatique_industrielle_avec_ROS2/pentograph_hardware/robotis_ws/install/setup.ps1'
[20.186s] INFO:colcon.colcon_core.shell:Creating prefix script '/home/youyandchlow/ros2_ws/src/informatique_industrielle_avec_ROS2/pentograph_hardware/robotis_ws/install/local_setup.sh'
[20.187s] INFO:colcon.colcon_core.shell:Creating prefix util module '/home/youyandchlow/ros2_ws/src/informatique_industrielle_avec_ROS2/pentograph_hardware/robotis_ws/install/_local_setup_util_sh.py'
[20.189s] INFO:colcon.colcon_core.shell:Creating prefix chain script '/home/youyandchlow/ros2_ws/src/informatique_industrielle_avec_ROS2/pentograph_hardware/robotis_ws/install/setup.sh'
[20.191s] INFO:colcon.colcon_core.shell:Creating prefix script '/home/youyandchlow/ros2_ws/src/informatique_industrielle_avec_ROS2/pentograph_hardware/robotis_ws/install/local_setup.bash'
[20.192s] INFO:colcon.colcon_core.shell:Creating prefix chain script '/home/youyandchlow/ros2_ws/src/informatique_industrielle_avec_ROS2/pentograph_hardware/robotis_ws/install/setup.bash'
[20.194s] INFO:colcon.colcon_core.shell:Creating prefix script '/home/youyandchlow/ros2_ws/src/informatique_industrielle_avec_ROS2/pentograph_hardware/robotis_ws/install/local_setup.zsh'
[20.196s] INFO:colcon.colcon_core.shell:Creating prefix chain script '/home/youyandchlow/ros2_ws/src/informatique_industrielle_avec_ROS2/pentograph_hardware/robotis_ws/install/setup.zsh'
