[0.031s] Invoking command in '/home/youyandchlow/ros2_ws/src/informatique_industrielle_avec_ROS2/pentograph_hardware/robotis_ws/build/dynamixel_sdk': DEBUGINFOD_URLS=https://debuginfod.ubuntu.com /usr/bin/cmake /home/youyandchlow/ros2_ws/src/informatique_industrielle_avec_ROS2/pentograph_hardware/robotis_ws/src/DynamixelSDK/dynamixel_sdk -DAMENT_CMAKE_SYMLINK_INSTALL=1 -DCMAKE_INSTALL_PREFIX=/home/youyandchlow/ros2_ws/src/informatique_industrielle_avec_ROS2/pentograph_hardware/robotis_ws/install/dynamixel_sdk
[0.068s] [31mCMake Error at CMakeLists.txt:18 (find_package):
[0.068s]   By not providing "Findament_cmake.cmake" in CMAKE_MODULE_PATH this project
[0.069s]   has asked CMake to find a package configuration file provided by
[0.069s]   "ament_cmake", but CMake did not find one.
[0.069s] 
[0.069s]   Could not find a package configuration file provided by "ament_cmake" with
[0.069s]   any of the following names:
[0.069s] 
[0.069s]     ament_cmakeConfig.cmake
[0.069s]     ament_cmake-config.cmake
[0.069s] 
[0.070s]   Add the installation prefix of "ament_cmake" to CMAKE_PREFIX_PATH or set
[0.070s]   "ament_cmake_DIR" to a directory containing one of the above files.  If
[0.070s]   "ament_cmake" provides a separate development package or SDK, be sure it
[0.070s]   has been installed.
[0.070s] 
[0.070s] [0m
[0.070s] -- Configuring incomplete, errors occurred!
[0.074s] Invoked command in '/home/youyandchlow/ros2_ws/src/informatique_industrielle_avec_ROS2/pentograph_hardware/robotis_ws/build/dynamixel_sdk' returned '1': DEBUGINFOD_URLS=https://debuginfod.ubuntu.com /usr/bin/cmake /home/youyandchlow/ros2_ws/src/informatique_industrielle_avec_ROS2/pentograph_hardware/robotis_ws/src/DynamixelSDK/dynamixel_sdk -DAMENT_CMAKE_SYMLINK_INSTALL=1 -DCMAKE_INSTALL_PREFIX=/home/youyandchlow/ros2_ws/src/informatique_industrielle_avec_ROS2/pentograph_hardware/robotis_ws/install/dynamixel_sdk
